[2026-01-16T03:22:52.303Z] [WARN ] 打印机 DLL 加载失败，将使用模拟模式
{
  "error": "Cannot read properties of null (reading 'match')",
  "stack": "TypeError: Cannot read properties of null (reading 'match')\n    at new DynamicLibrary (C:\\Users\\momo0\\Documents\\CursorProjects\\queue-system\\orderFood-server\\node_modules\\ffi-napi\\lib\\dynamic_library.js:67:21)\n    at Object.Library (C:\\Users\\momo0\\Documents\\CursorProjects\\queue-system\\orderFood-server\\node_modules\\ffi-napi\\lib\\library.js:47:10)\n    at Object.<anonymous> (C:\\Users\\momo0\\Documents\\CursorProjects\\queue-system\\orderFood-server\\services\\printerService.js:251:22)\n    at Module._compile (node:internal/modules/cjs/loader:1364:14)\n    at Module._extensions..js (node:internal/modules/cjs/loader:1422:10)\n    at Module.load (node:internal/modules/cjs/loader:1203:32)\n    at Module._load (node:internal/modules/cjs/loader:1019:12)\n    at Module.require (node:internal/modules/cjs/loader:1231:19)\n    at require (node:internal/modules/helpers:177:18)\n    at Object.<anonymous> (C:\\Users\\momo0\\Documents\\CursorProjects\\queue-system\\orderFood-server\\services\\orderFoodService.js:1:24)",
  "hint": "请确保已安装依赖: npm install ffi-napi ref-napi ref-struct-napi ref-array-napi。如果是打包环境，请确保这些模块已复制到可执行文件同目录下的 node_modules 目录中。"
}
[2026-01-16T03:25:42.391Z] [WARN ] 打印机 DLL 加载失败，将使用模拟模式
{
  "error": "Cannot read properties of null (reading 'match')",
  "stack": "TypeError: Cannot read properties of null (reading 'match')\n    at new DynamicLibrary (C:\\Users\\momo0\\Documents\\CursorProjects\\queue-system\\orderFood-server\\node_modules\\ffi-napi\\lib\\dynamic_library.js:67:21)\n    at Object.Library (C:\\Users\\momo0\\Documents\\CursorProjects\\queue-system\\orderFood-server\\node_modules\\ffi-napi\\lib\\library.js:47:10)\n    at Object.<anonymous> (C:\\Users\\momo0\\Documents\\CursorProjects\\queue-system\\orderFood-server\\services\\printerService.js:251:22)\n    at Module._compile (node:internal/modules/cjs/loader:1364:14)\n    at Module._extensions..js (node:internal/modules/cjs/loader:1422:10)\n    at Module.load (node:internal/modules/cjs/loader:1203:32)\n    at Module._load (node:internal/modules/cjs/loader:1019:12)\n    at Module.require (node:internal/modules/cjs/loader:1231:19)\n    at require (node:internal/modules/helpers:177:18)\n    at Object.<anonymous> (C:\\Users\\momo0\\Documents\\CursorProjects\\queue-system\\orderFood-server\\services\\orderFoodService.js:1:24)",
  "hint": "请确保已安装依赖: npm install ffi-napi ref-napi ref-struct-napi ref-array-napi。如果是打包环境，请确保这些模块已复制到可执行文件同目录下的 node_modules 目录中。"
}
[2026-01-16T03:57:27.698Z] [DEBUG] 模拟打印订单小票（DLL未加载）
{
  "order_number": "OF35847684",
  "meal_type": "两菜套餐",
  "price": 25
}
[2026-01-16T04:16:22.282Z] [WARN ] 打印机 DLL 加载失败，将使用模拟模式
{
  "error": "Cannot read properties of null (reading 'match')",
  "stack": "TypeError: Cannot read properties of null (reading 'match')\n    at new DynamicLibrary (C:\\Users\\momo0\\Documents\\CursorProjects\\queue-system\\orderFood-server\\node_modules\\ffi-napi\\lib\\dynamic_library.js:67:21)\n    at Object.Library (C:\\Users\\momo0\\Documents\\CursorProjects\\queue-system\\orderFood-server\\node_modules\\ffi-napi\\lib\\library.js:47:10)\n    at Object.<anonymous> (C:\\Users\\momo0\\Documents\\CursorProjects\\queue-system\\orderFood-server\\services\\printerService.js:251:22)\n    at Module._compile (node:internal/modules/cjs/loader:1364:14)\n    at Module._extensions..js (node:internal/modules/cjs/loader:1422:10)\n    at Module.load (node:internal/modules/cjs/loader:1203:32)\n    at Module._load (node:internal/modules/cjs/loader:1019:12)\n    at Module.require (node:internal/modules/cjs/loader:1231:19)\n    at require (node:internal/modules/helpers:177:18)\n    at Object.<anonymous> (C:\\Users\\momo0\\Documents\\CursorProjects\\queue-system\\orderFood-server\\services\\orderFoodService.js:1:24)",
  "hint": "请确保已安装依赖: npm install ffi-napi ref-napi ref-struct-napi ref-array-napi。如果是打包环境，请确保这些模块已复制到可执行文件同目录下的 node_modules 目录中。"
}
[2026-01-16T04:16:26.902Z] [WARN ] 打印机 DLL 加载失败，将使用模拟模式
{
  "error": "Cannot read properties of null (reading 'match')",
  "stack": "TypeError: Cannot read properties of null (reading 'match')\n    at new DynamicLibrary (C:\\Users\\momo0\\Documents\\CursorProjects\\queue-system\\orderFood-server\\node_modules\\ffi-napi\\lib\\dynamic_library.js:67:21)\n    at Object.Library (C:\\Users\\momo0\\Documents\\CursorProjects\\queue-system\\orderFood-server\\node_modules\\ffi-napi\\lib\\library.js:47:10)\n    at Object.<anonymous> (C:\\Users\\momo0\\Documents\\CursorProjects\\queue-system\\orderFood-server\\services\\printerService.js:251:22)\n    at Module._compile (node:internal/modules/cjs/loader:1364:14)\n    at Module._extensions..js (node:internal/modules/cjs/loader:1422:10)\n    at Module.load (node:internal/modules/cjs/loader:1203:32)\n    at Module._load (node:internal/modules/cjs/loader:1019:12)\n    at Module.require (node:internal/modules/cjs/loader:1231:19)\n    at require (node:internal/modules/helpers:177:18)\n    at Object.<anonymous> (C:\\Users\\momo0\\Documents\\CursorProjects\\queue-system\\orderFood-server\\services\\orderFoodService.js:1:24)",
  "hint": "请确保已安装依赖: npm install ffi-napi ref-napi ref-struct-napi ref-array-napi。如果是打包环境，请确保这些模块已复制到可执行文件同目录下的 node_modules 目录中。"
}
[2026-01-16T04:16:32.524Z] [WARN ] 打印机 DLL 加载失败，将使用模拟模式
{
  "error": "Cannot read properties of null (reading 'match')",
  "stack": "TypeError: Cannot read properties of null (reading 'match')\n    at new DynamicLibrary (C:\\Users\\momo0\\Documents\\CursorProjects\\queue-system\\orderFood-server\\node_modules\\ffi-napi\\lib\\dynamic_library.js:67:21)\n    at Object.Library (C:\\Users\\momo0\\Documents\\CursorProjects\\queue-system\\orderFood-server\\node_modules\\ffi-napi\\lib\\library.js:47:10)\n    at Object.<anonymous> (C:\\Users\\momo0\\Documents\\CursorProjects\\queue-system\\orderFood-server\\services\\printerService.js:251:22)\n    at Module._compile (node:internal/modules/cjs/loader:1364:14)\n    at Module._extensions..js (node:internal/modules/cjs/loader:1422:10)\n    at Module.load (node:internal/modules/cjs/loader:1203:32)\n    at Module._load (node:internal/modules/cjs/loader:1019:12)\n    at Module.require (node:internal/modules/cjs/loader:1231:19)\n    at require (node:internal/modules/helpers:177:18)\n    at Object.<anonymous> (C:\\Users\\momo0\\Documents\\CursorProjects\\queue-system\\orderFood-server\\services\\orderFoodService.js:1:24)",
  "hint": "请确保已安装依赖: npm install ffi-napi ref-napi ref-struct-napi ref-array-napi。如果是打包环境，请确保这些模块已复制到可执行文件同目录下的 node_modules 目录中。"
}
[2026-01-16T04:16:40.954Z] [WARN ] 打印机 DLL 加载失败，将使用模拟模式
{
  "error": "Cannot read properties of null (reading 'match')",
  "stack": "TypeError: Cannot read properties of null (reading 'match')\n    at new DynamicLibrary (C:\\Users\\momo0\\Documents\\CursorProjects\\queue-system\\orderFood-server\\node_modules\\ffi-napi\\lib\\dynamic_library.js:67:21)\n    at Object.Library (C:\\Users\\momo0\\Documents\\CursorProjects\\queue-system\\orderFood-server\\node_modules\\ffi-napi\\lib\\library.js:47:10)\n    at Object.<anonymous> (C:\\Users\\momo0\\Documents\\CursorProjects\\queue-system\\orderFood-server\\services\\printerService.js:251:22)\n    at Module._compile (node:internal/modules/cjs/loader:1364:14)\n    at Module._extensions..js (node:internal/modules/cjs/loader:1422:10)\n    at Module.load (node:internal/modules/cjs/loader:1203:32)\n    at Module._load (node:internal/modules/cjs/loader:1019:12)\n    at Module.require (node:internal/modules/cjs/loader:1231:19)\n    at require (node:internal/modules/helpers:177:18)\n    at Object.<anonymous> (C:\\Users\\momo0\\Documents\\CursorProjects\\queue-system\\orderFood-server\\services\\orderFoodService.js:1:24)",
  "hint": "请确保已安装依赖: npm install ffi-napi ref-napi ref-struct-napi ref-array-napi。如果是打包环境，请确保这些模块已复制到可执行文件同目录下的 node_modules 目录中。"
}
[2026-01-16T04:17:14.404Z] [WARN ] 打印机 DLL 加载失败，将使用模拟模式
{
  "error": "Cannot read properties of null (reading 'match')",
  "stack": "TypeError: Cannot read properties of null (reading 'match')\n    at new DynamicLibrary (C:\\Users\\momo0\\Documents\\CursorProjects\\queue-system\\orderFood-server\\node_modules\\ffi-napi\\lib\\dynamic_library.js:67:21)\n    at Object.Library (C:\\Users\\momo0\\Documents\\CursorProjects\\queue-system\\orderFood-server\\node_modules\\ffi-napi\\lib\\library.js:47:10)\n    at Object.<anonymous> (C:\\Users\\momo0\\Documents\\CursorProjects\\queue-system\\orderFood-server\\services\\printerService.js:251:22)\n    at Module._compile (node:internal/modules/cjs/loader:1364:14)\n    at Module._extensions..js (node:internal/modules/cjs/loader:1422:10)\n    at Module.load (node:internal/modules/cjs/loader:1203:32)\n    at Module._load (node:internal/modules/cjs/loader:1019:12)\n    at Module.require (node:internal/modules/cjs/loader:1231:19)\n    at require (node:internal/modules/helpers:177:18)\n    at Object.<anonymous> (C:\\Users\\momo0\\Documents\\CursorProjects\\queue-system\\orderFood-server\\services\\orderFoodService.js:1:24)",
  "hint": "请确保已安装依赖: npm install ffi-napi ref-napi ref-struct-napi ref-array-napi。如果是打包环境，请确保这些模块已复制到可执行文件同目录下的 node_modules 目录中。"
}
[2026-01-16T04:17:20.625Z] [WARN ] 打印机 DLL 加载失败，将使用模拟模式
{
  "error": "Cannot read properties of null (reading 'match')",
  "stack": "TypeError: Cannot read properties of null (reading 'match')\n    at new DynamicLibrary (C:\\Users\\momo0\\Documents\\CursorProjects\\queue-system\\orderFood-server\\node_modules\\ffi-napi\\lib\\dynamic_library.js:67:21)\n    at Object.Library (C:\\Users\\momo0\\Documents\\CursorProjects\\queue-system\\orderFood-server\\node_modules\\ffi-napi\\lib\\library.js:47:10)\n    at Object.<anonymous> (C:\\Users\\momo0\\Documents\\CursorProjects\\queue-system\\orderFood-server\\services\\printerService.js:251:22)\n    at Module._compile (node:internal/modules/cjs/loader:1364:14)\n    at Module._extensions..js (node:internal/modules/cjs/loader:1422:10)\n    at Module.load (node:internal/modules/cjs/loader:1203:32)\n    at Module._load (node:internal/modules/cjs/loader:1019:12)\n    at Module.require (node:internal/modules/cjs/loader:1231:19)\n    at require (node:internal/modules/helpers:177:18)\n    at Object.<anonymous> (C:\\Users\\momo0\\Documents\\CursorProjects\\queue-system\\orderFood-server\\services\\orderFoodService.js:1:24)",
  "hint": "请确保已安装依赖: npm install ffi-napi ref-napi ref-struct-napi ref-array-napi。如果是打包环境，请确保这些模块已复制到可执行文件同目录下的 node_modules 目录中。"
}
[2026-01-16T04:17:25.350Z] [WARN ] 打印机 DLL 加载失败，将使用模拟模式
{
  "error": "Cannot read properties of null (reading 'match')",
  "stack": "TypeError: Cannot read properties of null (reading 'match')\n    at new DynamicLibrary (C:\\Users\\momo0\\Documents\\CursorProjects\\queue-system\\orderFood-server\\node_modules\\ffi-napi\\lib\\dynamic_library.js:67:21)\n    at Object.Library (C:\\Users\\momo0\\Documents\\CursorProjects\\queue-system\\orderFood-server\\node_modules\\ffi-napi\\lib\\library.js:47:10)\n    at Object.<anonymous> (C:\\Users\\momo0\\Documents\\CursorProjects\\queue-system\\orderFood-server\\services\\printerService.js:251:22)\n    at Module._compile (node:internal/modules/cjs/loader:1364:14)\n    at Module._extensions..js (node:internal/modules/cjs/loader:1422:10)\n    at Module.load (node:internal/modules/cjs/loader:1203:32)\n    at Module._load (node:internal/modules/cjs/loader:1019:12)\n    at Module.require (node:internal/modules/cjs/loader:1231:19)\n    at require (node:internal/modules/helpers:177:18)\n    at Object.<anonymous> (C:\\Users\\momo0\\Documents\\CursorProjects\\queue-system\\orderFood-server\\services\\orderFoodService.js:1:24)",
  "hint": "请确保已安装依赖: npm install ffi-napi ref-napi ref-struct-napi ref-array-napi。如果是打包环境，请确保这些模块已复制到可执行文件同目录下的 node_modules 目录中。"
}
[2026-01-16T04:17:33.842Z] [WARN ] 打印机 DLL 加载失败，将使用模拟模式
{
  "error": "Cannot read properties of null (reading 'match')",
  "stack": "TypeError: Cannot read properties of null (reading 'match')\n    at new DynamicLibrary (C:\\Users\\momo0\\Documents\\CursorProjects\\queue-system\\orderFood-server\\node_modules\\ffi-napi\\lib\\dynamic_library.js:67:21)\n    at Object.Library (C:\\Users\\momo0\\Documents\\CursorProjects\\queue-system\\orderFood-server\\node_modules\\ffi-napi\\lib\\library.js:47:10)\n    at Object.<anonymous> (C:\\Users\\momo0\\Documents\\CursorProjects\\queue-system\\orderFood-server\\services\\printerService.js:251:22)\n    at Module._compile (node:internal/modules/cjs/loader:1364:14)\n    at Module._extensions..js (node:internal/modules/cjs/loader:1422:10)\n    at Module.load (node:internal/modules/cjs/loader:1203:32)\n    at Module._load (node:internal/modules/cjs/loader:1019:12)\n    at Module.require (node:internal/modules/cjs/loader:1231:19)\n    at require (node:internal/modules/helpers:177:18)\n    at Object.<anonymous> (C:\\Users\\momo0\\Documents\\CursorProjects\\queue-system\\orderFood-server\\services\\orderFoodService.js:1:24)",
  "hint": "请确保已安装依赖: npm install ffi-napi ref-napi ref-struct-napi ref-array-napi。如果是打包环境，请确保这些模块已复制到可执行文件同目录下的 node_modules 目录中。"
}
[2026-01-16T04:17:35.924Z] [WARN ] 打印机 DLL 加载失败，将使用模拟模式
{
  "error": "Cannot read properties of null (reading 'match')",
  "stack": "TypeError: Cannot read properties of null (reading 'match')\n    at new DynamicLibrary (C:\\Users\\momo0\\Documents\\CursorProjects\\queue-system\\orderFood-server\\node_modules\\ffi-napi\\lib\\dynamic_library.js:67:21)\n    at Object.Library (C:\\Users\\momo0\\Documents\\CursorProjects\\queue-system\\orderFood-server\\node_modules\\ffi-napi\\lib\\library.js:47:10)\n    at Object.<anonymous> (C:\\Users\\momo0\\Documents\\CursorProjects\\queue-system\\orderFood-server\\services\\printerService.js:251:22)\n    at Module._compile (node:internal/modules/cjs/loader:1364:14)\n    at Module._extensions..js (node:internal/modules/cjs/loader:1422:10)\n    at Module.load (node:internal/modules/cjs/loader:1203:32)\n    at Module._load (node:internal/modules/cjs/loader:1019:12)\n    at Module.require (node:internal/modules/cjs/loader:1231:19)\n    at require (node:internal/modules/helpers:177:18)\n    at Object.<anonymous> (C:\\Users\\momo0\\Documents\\CursorProjects\\queue-system\\orderFood-server\\services\\orderFoodService.js:1:24)",
  "hint": "请确保已安装依赖: npm install ffi-napi ref-napi ref-struct-napi ref-array-napi。如果是打包环境，请确保这些模块已复制到可执行文件同目录下的 node_modules 目录中。"
}
[2026-01-16T04:18:21.936Z] [WARN ] 打印机 DLL 加载失败，将使用模拟模式
{
  "error": "Cannot read properties of null (reading 'match')",
  "stack": "TypeError: Cannot read properties of null (reading 'match')\n    at new DynamicLibrary (C:\\Users\\momo0\\Documents\\CursorProjects\\queue-system\\orderFood-server\\node_modules\\ffi-napi\\lib\\dynamic_library.js:67:21)\n    at Object.Library (C:\\Users\\momo0\\Documents\\CursorProjects\\queue-system\\orderFood-server\\node_modules\\ffi-napi\\lib\\library.js:47:10)\n    at Object.<anonymous> (C:\\Users\\momo0\\Documents\\CursorProjects\\queue-system\\orderFood-server\\services\\printerService.js:251:22)\n    at Module._compile (node:internal/modules/cjs/loader:1364:14)\n    at Module._extensions..js (node:internal/modules/cjs/loader:1422:10)\n    at Module.load (node:internal/modules/cjs/loader:1203:32)\n    at Module._load (node:internal/modules/cjs/loader:1019:12)\n    at Module.require (node:internal/modules/cjs/loader:1231:19)\n    at require (node:internal/modules/helpers:177:18)\n    at Object.<anonymous> (C:\\Users\\momo0\\Documents\\CursorProjects\\queue-system\\orderFood-server\\services\\orderFoodService.js:1:24)",
  "hint": "请确保已安装依赖: npm install ffi-napi ref-napi ref-struct-napi ref-array-napi。如果是打包环境，请确保这些模块已复制到可执行文件同目录下的 node_modules 目录中。"
}
[2026-01-16T04:18:24.086Z] [WARN ] 打印机 DLL 加载失败，将使用模拟模式
{
  "error": "Cannot read properties of null (reading 'match')",
  "stack": "TypeError: Cannot read properties of null (reading 'match')\n    at new DynamicLibrary (C:\\Users\\momo0\\Documents\\CursorProjects\\queue-system\\orderFood-server\\node_modules\\ffi-napi\\lib\\dynamic_library.js:67:21)\n    at Object.Library (C:\\Users\\momo0\\Documents\\CursorProjects\\queue-system\\orderFood-server\\node_modules\\ffi-napi\\lib\\library.js:47:10)\n    at Object.<anonymous> (C:\\Users\\momo0\\Documents\\CursorProjects\\queue-system\\orderFood-server\\services\\printerService.js:251:22)\n    at Module._compile (node:internal/modules/cjs/loader:1364:14)\n    at Module._extensions..js (node:internal/modules/cjs/loader:1422:10)\n    at Module.load (node:internal/modules/cjs/loader:1203:32)\n    at Module._load (node:internal/modules/cjs/loader:1019:12)\n    at Module.require (node:internal/modules/cjs/loader:1231:19)\n    at require (node:internal/modules/helpers:177:18)\n    at Object.<anonymous> (C:\\Users\\momo0\\Documents\\CursorProjects\\queue-system\\orderFood-server\\services\\orderFoodService.js:1:24)",
  "hint": "请确保已安装依赖: npm install ffi-napi ref-napi ref-struct-napi ref-array-napi。如果是打包环境，请确保这些模块已复制到可执行文件同目录下的 node_modules 目录中。"
}
[2026-01-16T04:18:36.191Z] [WARN ] 打印机 DLL 加载失败，将使用模拟模式
{
  "error": "Cannot read properties of null (reading 'match')",
  "stack": "TypeError: Cannot read properties of null (reading 'match')\n    at new DynamicLibrary (C:\\Users\\momo0\\Documents\\CursorProjects\\queue-system\\orderFood-server\\node_modules\\ffi-napi\\lib\\dynamic_library.js:67:21)\n    at Object.Library (C:\\Users\\momo0\\Documents\\CursorProjects\\queue-system\\orderFood-server\\node_modules\\ffi-napi\\lib\\library.js:47:10)\n    at Object.<anonymous> (C:\\Users\\momo0\\Documents\\CursorProjects\\queue-system\\orderFood-server\\services\\printerService.js:251:22)\n    at Module._compile (node:internal/modules/cjs/loader:1364:14)\n    at Module._extensions..js (node:internal/modules/cjs/loader:1422:10)\n    at Module.load (node:internal/modules/cjs/loader:1203:32)\n    at Module._load (node:internal/modules/cjs/loader:1019:12)\n    at Module.require (node:internal/modules/cjs/loader:1231:19)\n    at require (node:internal/modules/helpers:177:18)\n    at Object.<anonymous> (C:\\Users\\momo0\\Documents\\CursorProjects\\queue-system\\orderFood-server\\services\\orderFoodService.js:1:24)",
  "hint": "请确保已安装依赖: npm install ffi-napi ref-napi ref-struct-napi ref-array-napi。如果是打包环境，请确保这些模块已复制到可执行文件同目录下的 node_modules 目录中。"
}
[2026-01-16T04:18:37.189Z] [WARN ] 打印机 DLL 加载失败，将使用模拟模式
{
  "error": "Cannot read properties of null (reading 'match')",
  "stack": "TypeError: Cannot read properties of null (reading 'match')\n    at new DynamicLibrary (C:\\Users\\momo0\\Documents\\CursorProjects\\queue-system\\orderFood-server\\node_modules\\ffi-napi\\lib\\dynamic_library.js:67:21)\n    at Object.Library (C:\\Users\\momo0\\Documents\\CursorProjects\\queue-system\\orderFood-server\\node_modules\\ffi-napi\\lib\\library.js:47:10)\n    at Object.<anonymous> (C:\\Users\\momo0\\Documents\\CursorProjects\\queue-system\\orderFood-server\\services\\printerService.js:251:22)\n    at Module._compile (node:internal/modules/cjs/loader:1364:14)\n    at Module._extensions..js (node:internal/modules/cjs/loader:1422:10)\n    at Module.load (node:internal/modules/cjs/loader:1203:32)\n    at Module._load (node:internal/modules/cjs/loader:1019:12)\n    at Module.require (node:internal/modules/cjs/loader:1231:19)\n    at require (node:internal/modules/helpers:177:18)\n    at Object.<anonymous> (C:\\Users\\momo0\\Documents\\CursorProjects\\queue-system\\orderFood-server\\services\\orderFoodService.js:1:24)",
  "hint": "请确保已安装依赖: npm install ffi-napi ref-napi ref-struct-napi ref-array-napi。如果是打包环境，请确保这些模块已复制到可执行文件同目录下的 node_modules 目录中。"
}
[2026-01-16T04:18:38.844Z] [WARN ] 打印机 DLL 加载失败，将使用模拟模式
{
  "error": "Cannot read properties of null (reading 'match')",
  "stack": "TypeError: Cannot read properties of null (reading 'match')\n    at new DynamicLibrary (C:\\Users\\momo0\\Documents\\CursorProjects\\queue-system\\orderFood-server\\node_modules\\ffi-napi\\lib\\dynamic_library.js:67:21)\n    at Object.Library (C:\\Users\\momo0\\Documents\\CursorProjects\\queue-system\\orderFood-server\\node_modules\\ffi-napi\\lib\\library.js:47:10)\n    at Object.<anonymous> (C:\\Users\\momo0\\Documents\\CursorProjects\\queue-system\\orderFood-server\\services\\printerService.js:251:22)\n    at Module._compile (node:internal/modules/cjs/loader:1364:14)\n    at Module._extensions..js (node:internal/modules/cjs/loader:1422:10)\n    at Module.load (node:internal/modules/cjs/loader:1203:32)\n    at Module._load (node:internal/modules/cjs/loader:1019:12)\n    at Module.require (node:internal/modules/cjs/loader:1231:19)\n    at require (node:internal/modules/helpers:177:18)\n    at Object.<anonymous> (C:\\Users\\momo0\\Documents\\CursorProjects\\queue-system\\orderFood-server\\services\\orderFoodService.js:1:24)",
  "hint": "请确保已安装依赖: npm install ffi-napi ref-napi ref-struct-napi ref-array-napi。如果是打包环境，请确保这些模块已复制到可执行文件同目录下的 node_modules 目录中。"
}
[2026-01-16T04:19:05.596Z] [WARN ] 打印机 DLL 加载失败，将使用模拟模式
{
  "error": "Cannot read properties of null (reading 'match')",
  "stack": "TypeError: Cannot read properties of null (reading 'match')\n    at new DynamicLibrary (C:\\Users\\momo0\\Documents\\CursorProjects\\queue-system\\orderFood-server\\node_modules\\ffi-napi\\lib\\dynamic_library.js:67:21)\n    at Object.Library (C:\\Users\\momo0\\Documents\\CursorProjects\\queue-system\\orderFood-server\\node_modules\\ffi-napi\\lib\\library.js:47:10)\n    at Object.<anonymous> (C:\\Users\\momo0\\Documents\\CursorProjects\\queue-system\\orderFood-server\\services\\printerService.js:251:22)\n    at Module._compile (node:internal/modules/cjs/loader:1364:14)\n    at Module._extensions..js (node:internal/modules/cjs/loader:1422:10)\n    at Module.load (node:internal/modules/cjs/loader:1203:32)\n    at Module._load (node:internal/modules/cjs/loader:1019:12)\n    at Module.require (node:internal/modules/cjs/loader:1231:19)\n    at require (node:internal/modules/helpers:177:18)\n    at Object.<anonymous> (C:\\Users\\momo0\\Documents\\CursorProjects\\queue-system\\orderFood-server\\services\\orderFoodService.js:1:24)",
  "hint": "请确保已安装依赖: npm install ffi-napi ref-napi ref-struct-napi ref-array-napi。如果是打包环境，请确保这些模块已复制到可执行文件同目录下的 node_modules 目录中。"
}
[2026-01-16T04:19:09.500Z] [WARN ] 打印机 DLL 加载失败，将使用模拟模式
{
  "error": "Cannot read properties of null (reading 'match')",
  "stack": "TypeError: Cannot read properties of null (reading 'match')\n    at new DynamicLibrary (C:\\Users\\momo0\\Documents\\CursorProjects\\queue-system\\orderFood-server\\node_modules\\ffi-napi\\lib\\dynamic_library.js:67:21)\n    at Object.Library (C:\\Users\\momo0\\Documents\\CursorProjects\\queue-system\\orderFood-server\\node_modules\\ffi-napi\\lib\\library.js:47:10)\n    at Object.<anonymous> (C:\\Users\\momo0\\Documents\\CursorProjects\\queue-system\\orderFood-server\\services\\printerService.js:251:22)\n    at Module._compile (node:internal/modules/cjs/loader:1364:14)\n    at Module._extensions..js (node:internal/modules/cjs/loader:1422:10)\n    at Module.load (node:internal/modules/cjs/loader:1203:32)\n    at Module._load (node:internal/modules/cjs/loader:1019:12)\n    at Module.require (node:internal/modules/cjs/loader:1231:19)\n    at require (node:internal/modules/helpers:177:18)\n    at Object.<anonymous> (C:\\Users\\momo0\\Documents\\CursorProjects\\queue-system\\orderFood-server\\services\\orderFoodService.js:1:24)",
  "hint": "请确保已安装依赖: npm install ffi-napi ref-napi ref-struct-napi ref-array-napi。如果是打包环境，请确保这些模块已复制到可执行文件同目录下的 node_modules 目录中。"
}
[2026-01-16T04:19:11.683Z] [WARN ] 打印机 DLL 加载失败，将使用模拟模式
{
  "error": "Cannot read properties of null (reading 'match')",
  "stack": "TypeError: Cannot read properties of null (reading 'match')\n    at new DynamicLibrary (C:\\Users\\momo0\\Documents\\CursorProjects\\queue-system\\orderFood-server\\node_modules\\ffi-napi\\lib\\dynamic_library.js:67:21)\n    at Object.Library (C:\\Users\\momo0\\Documents\\CursorProjects\\queue-system\\orderFood-server\\node_modules\\ffi-napi\\lib\\library.js:47:10)\n    at Object.<anonymous> (C:\\Users\\momo0\\Documents\\CursorProjects\\queue-system\\orderFood-server\\services\\printerService.js:251:22)\n    at Module._compile (node:internal/modules/cjs/loader:1364:14)\n    at Module._extensions..js (node:internal/modules/cjs/loader:1422:10)\n    at Module.load (node:internal/modules/cjs/loader:1203:32)\n    at Module._load (node:internal/modules/cjs/loader:1019:12)\n    at Module.require (node:internal/modules/cjs/loader:1231:19)\n    at require (node:internal/modules/helpers:177:18)\n    at Object.<anonymous> (C:\\Users\\momo0\\Documents\\CursorProjects\\queue-system\\orderFood-server\\services\\orderFoodService.js:1:24)",
  "hint": "请确保已安装依赖: npm install ffi-napi ref-napi ref-struct-napi ref-array-napi。如果是打包环境，请确保这些模块已复制到可执行文件同目录下的 node_modules 目录中。"
}
[2026-01-16T04:19:12.803Z] [WARN ] 打印机 DLL 加载失败，将使用模拟模式
{
  "error": "Cannot read properties of null (reading 'match')",
  "stack": "TypeError: Cannot read properties of null (reading 'match')\n    at new DynamicLibrary (C:\\Users\\momo0\\Documents\\CursorProjects\\queue-system\\orderFood-server\\node_modules\\ffi-napi\\lib\\dynamic_library.js:67:21)\n    at Object.Library (C:\\Users\\momo0\\Documents\\CursorProjects\\queue-system\\orderFood-server\\node_modules\\ffi-napi\\lib\\library.js:47:10)\n    at Object.<anonymous> (C:\\Users\\momo0\\Documents\\CursorProjects\\queue-system\\orderFood-server\\services\\printerService.js:251:22)\n    at Module._compile (node:internal/modules/cjs/loader:1364:14)\n    at Module._extensions..js (node:internal/modules/cjs/loader:1422:10)\n    at Module.load (node:internal/modules/cjs/loader:1203:32)\n    at Module._load (node:internal/modules/cjs/loader:1019:12)\n    at Module.require (node:internal/modules/cjs/loader:1231:19)\n    at require (node:internal/modules/helpers:177:18)\n    at Object.<anonymous> (C:\\Users\\momo0\\Documents\\CursorProjects\\queue-system\\orderFood-server\\services\\orderFoodService.js:1:24)",
  "hint": "请确保已安装依赖: npm install ffi-napi ref-napi ref-struct-napi ref-array-napi。如果是打包环境，请确保这些模块已复制到可执行文件同目录下的 node_modules 目录中。"
}
[2026-01-16T04:19:19.470Z] [WARN ] 打印机 DLL 加载失败，将使用模拟模式
{
  "error": "Cannot read properties of null (reading 'match')",
  "stack": "TypeError: Cannot read properties of null (reading 'match')\n    at new DynamicLibrary (C:\\Users\\momo0\\Documents\\CursorProjects\\queue-system\\orderFood-server\\node_modules\\ffi-napi\\lib\\dynamic_library.js:67:21)\n    at Object.Library (C:\\Users\\momo0\\Documents\\CursorProjects\\queue-system\\orderFood-server\\node_modules\\ffi-napi\\lib\\library.js:47:10)\n    at Object.<anonymous> (C:\\Users\\momo0\\Documents\\CursorProjects\\queue-system\\orderFood-server\\services\\printerService.js:251:22)\n    at Module._compile (node:internal/modules/cjs/loader:1364:14)\n    at Module._extensions..js (node:internal/modules/cjs/loader:1422:10)\n    at Module.load (node:internal/modules/cjs/loader:1203:32)\n    at Module._load (node:internal/modules/cjs/loader:1019:12)\n    at Module.require (node:internal/modules/cjs/loader:1231:19)\n    at require (node:internal/modules/helpers:177:18)\n    at Object.<anonymous> (C:\\Users\\momo0\\Documents\\CursorProjects\\queue-system\\orderFood-server\\services\\orderFoodService.js:1:24)",
  "hint": "请确保已安装依赖: npm install ffi-napi ref-napi ref-struct-napi ref-array-napi。如果是打包环境，请确保这些模块已复制到可执行文件同目录下的 node_modules 目录中。"
}
[2026-01-16T04:29:40.551Z] [WARN ] 打印机 DLL 加载失败，将使用模拟模式
{
  "error": "Cannot read properties of null (reading 'match')",
  "stack": "TypeError: Cannot read properties of null (reading 'match')\n    at new DynamicLibrary (C:\\Users\\momo0\\Documents\\CursorProjects\\queue-system\\orderFood-server\\node_modules\\ffi-napi\\lib\\dynamic_library.js:67:21)\n    at Object.Library (C:\\Users\\momo0\\Documents\\CursorProjects\\queue-system\\orderFood-server\\node_modules\\ffi-napi\\lib\\library.js:47:10)\n    at Object.<anonymous> (C:\\Users\\momo0\\Documents\\CursorProjects\\queue-system\\orderFood-server\\services\\printerService.js:251:22)\n    at Module._compile (node:internal/modules/cjs/loader:1364:14)\n    at Module._extensions..js (node:internal/modules/cjs/loader:1422:10)\n    at Module.load (node:internal/modules/cjs/loader:1203:32)\n    at Module._load (node:internal/modules/cjs/loader:1019:12)\n    at Module.require (node:internal/modules/cjs/loader:1231:19)\n    at require (node:internal/modules/helpers:177:18)\n    at Object.<anonymous> (C:\\Users\\momo0\\Documents\\CursorProjects\\queue-system\\orderFood-server\\services\\orderFoodService.js:1:24)",
  "hint": "请确保已安装依赖: npm install ffi-napi ref-napi ref-struct-napi ref-array-napi。如果是打包环境，请确保这些模块已复制到可执行文件同目录下的 node_modules 目录中。"
}
[2026-01-16T04:29:41.281Z] [WARN ] 打印机 DLL 加载失败，将使用模拟模式
{
  "error": "Cannot read properties of null (reading 'match')",
  "stack": "TypeError: Cannot read properties of null (reading 'match')\n    at new DynamicLibrary (C:\\Users\\momo0\\Documents\\CursorProjects\\queue-system\\orderFood-server\\node_modules\\ffi-napi\\lib\\dynamic_library.js:67:21)\n    at Object.Library (C:\\Users\\momo0\\Documents\\CursorProjects\\queue-system\\orderFood-server\\node_modules\\ffi-napi\\lib\\library.js:47:10)\n    at Object.<anonymous> (C:\\Users\\momo0\\Documents\\CursorProjects\\queue-system\\orderFood-server\\services\\printerService.js:251:22)\n    at Module._compile (node:internal/modules/cjs/loader:1364:14)\n    at Module._extensions..js (node:internal/modules/cjs/loader:1422:10)\n    at Module.load (node:internal/modules/cjs/loader:1203:32)\n    at Module._load (node:internal/modules/cjs/loader:1019:12)\n    at Module.require (node:internal/modules/cjs/loader:1231:19)\n    at require (node:internal/modules/helpers:177:18)\n    at Object.<anonymous> (C:\\Users\\momo0\\Documents\\CursorProjects\\queue-system\\orderFood-server\\services\\orderFoodService.js:1:24)",
  "hint": "请确保已安装依赖: npm install ffi-napi ref-napi ref-struct-napi ref-array-napi。如果是打包环境，请确保这些模块已复制到可执行文件同目录下的 node_modules 目录中。"
}
[2026-01-16T04:29:44.843Z] [WARN ] 打印机 DLL 加载失败，将使用模拟模式
{
  "error": "Cannot read properties of null (reading 'match')",
  "stack": "TypeError: Cannot read properties of null (reading 'match')\n    at new DynamicLibrary (C:\\Users\\momo0\\Documents\\CursorProjects\\queue-system\\orderFood-server\\node_modules\\ffi-napi\\lib\\dynamic_library.js:67:21)\n    at Object.Library (C:\\Users\\momo0\\Documents\\CursorProjects\\queue-system\\orderFood-server\\node_modules\\ffi-napi\\lib\\library.js:47:10)\n    at Object.<anonymous> (C:\\Users\\momo0\\Documents\\CursorProjects\\queue-system\\orderFood-server\\services\\printerService.js:251:22)\n    at Module._compile (node:internal/modules/cjs/loader:1364:14)\n    at Module._extensions..js (node:internal/modules/cjs/loader:1422:10)\n    at Module.load (node:internal/modules/cjs/loader:1203:32)\n    at Module._load (node:internal/modules/cjs/loader:1019:12)\n    at Module.require (node:internal/modules/cjs/loader:1231:19)\n    at require (node:internal/modules/helpers:177:18)\n    at Object.<anonymous> (C:\\Users\\momo0\\Documents\\CursorProjects\\queue-system\\orderFood-server\\services\\orderFoodService.js:1:24)",
  "hint": "请确保已安装依赖: npm install ffi-napi ref-napi ref-struct-napi ref-array-napi。如果是打包环境，请确保这些模块已复制到可执行文件同目录下的 node_modules 目录中。"
}
[2026-01-16T04:29:47.317Z] [WARN ] 打印机 DLL 加载失败，将使用模拟模式
{
  "error": "Cannot read properties of null (reading 'match')",
  "stack": "TypeError: Cannot read properties of null (reading 'match')\n    at new DynamicLibrary (C:\\Users\\momo0\\Documents\\CursorProjects\\queue-system\\orderFood-server\\node_modules\\ffi-napi\\lib\\dynamic_library.js:67:21)\n    at Object.Library (C:\\Users\\momo0\\Documents\\CursorProjects\\queue-system\\orderFood-server\\node_modules\\ffi-napi\\lib\\library.js:47:10)\n    at Object.<anonymous> (C:\\Users\\momo0\\Documents\\CursorProjects\\queue-system\\orderFood-server\\services\\printerService.js:251:22)\n    at Module._compile (node:internal/modules/cjs/loader:1364:14)\n    at Module._extensions..js (node:internal/modules/cjs/loader:1422:10)\n    at Module.load (node:internal/modules/cjs/loader:1203:32)\n    at Module._load (node:internal/modules/cjs/loader:1019:12)\n    at Module.require (node:internal/modules/cjs/loader:1231:19)\n    at require (node:internal/modules/helpers:177:18)\n    at Object.<anonymous> (C:\\Users\\momo0\\Documents\\CursorProjects\\queue-system\\orderFood-server\\services\\orderFoodService.js:1:24)",
  "hint": "请确保已安装依赖: npm install ffi-napi ref-napi ref-struct-napi ref-array-napi。如果是打包环境，请确保这些模块已复制到可执行文件同目录下的 node_modules 目录中。"
}
[2026-01-16T04:29:57.557Z] [WARN ] 打印机 DLL 加载失败，将使用模拟模式
{
  "error": "Cannot read properties of null (reading 'match')",
  "stack": "TypeError: Cannot read properties of null (reading 'match')\n    at new DynamicLibrary (C:\\Users\\momo0\\Documents\\CursorProjects\\queue-system\\orderFood-server\\node_modules\\ffi-napi\\lib\\dynamic_library.js:67:21)\n    at Object.Library (C:\\Users\\momo0\\Documents\\CursorProjects\\queue-system\\orderFood-server\\node_modules\\ffi-napi\\lib\\library.js:47:10)\n    at Object.<anonymous> (C:\\Users\\momo0\\Documents\\CursorProjects\\queue-system\\orderFood-server\\services\\printerService.js:251:22)\n    at Module._compile (node:internal/modules/cjs/loader:1364:14)\n    at Module._extensions..js (node:internal/modules/cjs/loader:1422:10)\n    at Module.load (node:internal/modules/cjs/loader:1203:32)\n    at Module._load (node:internal/modules/cjs/loader:1019:12)\n    at Module.require (node:internal/modules/cjs/loader:1231:19)\n    at require (node:internal/modules/helpers:177:18)\n    at Object.<anonymous> (C:\\Users\\momo0\\Documents\\CursorProjects\\queue-system\\orderFood-server\\services\\orderFoodService.js:1:24)",
  "hint": "请确保已安装依赖: npm install ffi-napi ref-napi ref-struct-napi ref-array-napi。如果是打包环境，请确保这些模块已复制到可执行文件同目录下的 node_modules 目录中。"
}
[2026-01-16T04:36:38.114Z] [WARN ] 打印机 DLL 加载失败，将使用模拟模式
{
  "error": "Cannot read properties of null (reading 'match')",
  "stack": "TypeError: Cannot read properties of null (reading 'match')\n    at new DynamicLibrary (C:\\Users\\momo0\\Documents\\CursorProjects\\queue-system\\orderFood-server\\node_modules\\ffi-napi\\lib\\dynamic_library.js:67:21)\n    at Object.Library (C:\\Users\\momo0\\Documents\\CursorProjects\\queue-system\\orderFood-server\\node_modules\\ffi-napi\\lib\\library.js:47:10)\n    at Object.<anonymous> (C:\\Users\\momo0\\Documents\\CursorProjects\\queue-system\\orderFood-server\\services\\printerService.js:251:22)\n    at Module._compile (node:internal/modules/cjs/loader:1364:14)\n    at Module._extensions..js (node:internal/modules/cjs/loader:1422:10)\n    at Module.load (node:internal/modules/cjs/loader:1203:32)\n    at Module._load (node:internal/modules/cjs/loader:1019:12)\n    at Module.require (node:internal/modules/cjs/loader:1231:19)\n    at require (node:internal/modules/helpers:177:18)\n    at Object.<anonymous> (C:\\Users\\momo0\\Documents\\CursorProjects\\queue-system\\orderFood-server\\services\\orderFoodService.js:1:24)",
  "hint": "请确保已安装依赖: npm install ffi-napi ref-napi ref-struct-napi ref-array-napi。如果是打包环境，请确保这些模块已复制到可执行文件同目录下的 node_modules 目录中。"
}
[2026-01-16T04:38:34.985Z] [WARN ] 打印机 DLL 加载失败，将使用模拟模式
{
  "error": "Cannot read properties of null (reading 'match')",
  "stack": "TypeError: Cannot read properties of null (reading 'match')\n    at new DynamicLibrary (C:\\Users\\momo0\\Documents\\CursorProjects\\queue-system\\orderFood-server\\node_modules\\ffi-napi\\lib\\dynamic_library.js:67:21)\n    at Object.Library (C:\\Users\\momo0\\Documents\\CursorProjects\\queue-system\\orderFood-server\\node_modules\\ffi-napi\\lib\\library.js:47:10)\n    at Object.<anonymous> (C:\\Users\\momo0\\Documents\\CursorProjects\\queue-system\\orderFood-server\\services\\printerService.js:251:22)\n    at Module._compile (node:internal/modules/cjs/loader:1364:14)\n    at Module._extensions..js (node:internal/modules/cjs/loader:1422:10)\n    at Module.load (node:internal/modules/cjs/loader:1203:32)\n    at Module._load (node:internal/modules/cjs/loader:1019:12)\n    at Module.require (node:internal/modules/cjs/loader:1231:19)\n    at require (node:internal/modules/helpers:177:18)\n    at Object.<anonymous> (C:\\Users\\momo0\\Documents\\CursorProjects\\queue-system\\orderFood-server\\services\\orderFoodService.js:1:24)",
  "hint": "请确保已安装依赖: npm install ffi-napi ref-napi ref-struct-napi ref-array-napi。如果是打包环境，请确保这些模块已复制到可执行文件同目录下的 node_modules 目录中。"
}
[2026-01-16T04:40:51.518Z] [WARN ] 打印机 DLL 加载失败，将使用模拟模式
{
  "error": "Cannot read properties of null (reading 'match')",
  "stack": "TypeError: Cannot read properties of null (reading 'match')\n    at new DynamicLibrary (C:\\Users\\momo0\\Documents\\CursorProjects\\queue-system\\orderFood-server\\node_modules\\ffi-napi\\lib\\dynamic_library.js:67:21)\n    at Object.Library (C:\\Users\\momo0\\Documents\\CursorProjects\\queue-system\\orderFood-server\\node_modules\\ffi-napi\\lib\\library.js:47:10)\n    at Object.<anonymous> (C:\\Users\\momo0\\Documents\\CursorProjects\\queue-system\\orderFood-server\\services\\printerService.js:251:22)\n    at Module._compile (node:internal/modules/cjs/loader:1364:14)\n    at Module._extensions..js (node:internal/modules/cjs/loader:1422:10)\n    at Module.load (node:internal/modules/cjs/loader:1203:32)\n    at Module._load (node:internal/modules/cjs/loader:1019:12)\n    at Module.require (node:internal/modules/cjs/loader:1231:19)\n    at require (node:internal/modules/helpers:177:18)\n    at Object.<anonymous> (C:\\Users\\momo0\\Documents\\CursorProjects\\queue-system\\orderFood-server\\services\\orderFoodService.js:1:24)",
  "hint": "请确保已安装依赖: npm install ffi-napi ref-napi ref-struct-napi ref-array-napi。如果是打包环境，请确保这些模块已复制到可执行文件同目录下的 node_modules 目录中。"
}
[2026-01-16T04:40:58.869Z] [WARN ] 打印机 DLL 加载失败，将使用模拟模式
{
  "error": "Cannot read properties of null (reading 'match')",
  "stack": "TypeError: Cannot read properties of null (reading 'match')\n    at new DynamicLibrary (C:\\Users\\momo0\\Documents\\CursorProjects\\queue-system\\orderFood-server\\node_modules\\ffi-napi\\lib\\dynamic_library.js:67:21)\n    at Object.Library (C:\\Users\\momo0\\Documents\\CursorProjects\\queue-system\\orderFood-server\\node_modules\\ffi-napi\\lib\\library.js:47:10)\n    at Object.<anonymous> (C:\\Users\\momo0\\Documents\\CursorProjects\\queue-system\\orderFood-server\\services\\printerService.js:251:22)\n    at Module._compile (node:internal/modules/cjs/loader:1364:14)\n    at Module._extensions..js (node:internal/modules/cjs/loader:1422:10)\n    at Module.load (node:internal/modules/cjs/loader:1203:32)\n    at Module._load (node:internal/modules/cjs/loader:1019:12)\n    at Module.require (node:internal/modules/cjs/loader:1231:19)\n    at require (node:internal/modules/helpers:177:18)\n    at Object.<anonymous> (C:\\Users\\momo0\\Documents\\CursorProjects\\queue-system\\orderFood-server\\services\\orderFoodService.js:1:24)",
  "hint": "请确保已安装依赖: npm install ffi-napi ref-napi ref-struct-napi ref-array-napi。如果是打包环境，请确保这些模块已复制到可执行文件同目录下的 node_modules 目录中。"
}
[2026-01-16T04:44:04.591Z] [WARN ] 打印机 DLL 加载失败，将使用模拟模式
{
  "error": "Cannot read properties of null (reading 'match')",
  "stack": "TypeError: Cannot read properties of null (reading 'match')\n    at new DynamicLibrary (C:\\Users\\momo0\\Documents\\CursorProjects\\queue-system\\orderFood-server\\node_modules\\ffi-napi\\lib\\dynamic_library.js:67:21)\n    at Object.Library (C:\\Users\\momo0\\Documents\\CursorProjects\\queue-system\\orderFood-server\\node_modules\\ffi-napi\\lib\\library.js:47:10)\n    at Object.<anonymous> (C:\\Users\\momo0\\Documents\\CursorProjects\\queue-system\\orderFood-server\\services\\printerService.js:251:22)\n    at Module._compile (node:internal/modules/cjs/loader:1364:14)\n    at Module._extensions..js (node:internal/modules/cjs/loader:1422:10)\n    at Module.load (node:internal/modules/cjs/loader:1203:32)\n    at Module._load (node:internal/modules/cjs/loader:1019:12)\n    at Module.require (node:internal/modules/cjs/loader:1231:19)\n    at require (node:internal/modules/helpers:177:18)\n    at Object.<anonymous> (C:\\Users\\momo0\\Documents\\CursorProjects\\queue-system\\orderFood-server\\services\\orderFoodService.js:1:24)",
  "hint": "请确保已安装依赖: npm install ffi-napi ref-napi ref-struct-napi ref-array-napi。如果是打包环境，请确保这些模块已复制到可执行文件同目录下的 node_modules 目录中。"
}
[2026-01-16T04:44:07.949Z] [WARN ] 打印机 DLL 加载失败，将使用模拟模式
{
  "error": "Cannot read properties of null (reading 'match')",
  "stack": "TypeError: Cannot read properties of null (reading 'match')\n    at new DynamicLibrary (C:\\Users\\momo0\\Documents\\CursorProjects\\queue-system\\orderFood-server\\node_modules\\ffi-napi\\lib\\dynamic_library.js:67:21)\n    at Object.Library (C:\\Users\\momo0\\Documents\\CursorProjects\\queue-system\\orderFood-server\\node_modules\\ffi-napi\\lib\\library.js:47:10)\n    at Object.<anonymous> (C:\\Users\\momo0\\Documents\\CursorProjects\\queue-system\\orderFood-server\\services\\printerService.js:251:22)\n    at Module._compile (node:internal/modules/cjs/loader:1364:14)\n    at Module._extensions..js (node:internal/modules/cjs/loader:1422:10)\n    at Module.load (node:internal/modules/cjs/loader:1203:32)\n    at Module._load (node:internal/modules/cjs/loader:1019:12)\n    at Module.require (node:internal/modules/cjs/loader:1231:19)\n    at require (node:internal/modules/helpers:177:18)\n    at Object.<anonymous> (C:\\Users\\momo0\\Documents\\CursorProjects\\queue-system\\orderFood-server\\services\\orderFoodService.js:1:24)",
  "hint": "请确保已安装依赖: npm install ffi-napi ref-napi ref-struct-napi ref-array-napi。如果是打包环境，请确保这些模块已复制到可执行文件同目录下的 node_modules 目录中。"
}
[2026-01-16T04:44:08.826Z] [WARN ] 打印机 DLL 加载失败，将使用模拟模式
{
  "error": "Cannot read properties of null (reading 'match')",
  "stack": "TypeError: Cannot read properties of null (reading 'match')\n    at new DynamicLibrary (C:\\Users\\momo0\\Documents\\CursorProjects\\queue-system\\orderFood-server\\node_modules\\ffi-napi\\lib\\dynamic_library.js:67:21)\n    at Object.Library (C:\\Users\\momo0\\Documents\\CursorProjects\\queue-system\\orderFood-server\\node_modules\\ffi-napi\\lib\\library.js:47:10)\n    at Object.<anonymous> (C:\\Users\\momo0\\Documents\\CursorProjects\\queue-system\\orderFood-server\\services\\printerService.js:251:22)\n    at Module._compile (node:internal/modules/cjs/loader:1364:14)\n    at Module._extensions..js (node:internal/modules/cjs/loader:1422:10)\n    at Module.load (node:internal/modules/cjs/loader:1203:32)\n    at Module._load (node:internal/modules/cjs/loader:1019:12)\n    at Module.require (node:internal/modules/cjs/loader:1231:19)\n    at require (node:internal/modules/helpers:177:18)\n    at Object.<anonymous> (C:\\Users\\momo0\\Documents\\CursorProjects\\queue-system\\orderFood-server\\services\\orderFoodService.js:1:24)",
  "hint": "请确保已安装依赖: npm install ffi-napi ref-napi ref-struct-napi ref-array-napi。如果是打包环境，请确保这些模块已复制到可执行文件同目录下的 node_modules 目录中。"
}
[2026-01-16T04:44:09.696Z] [WARN ] 打印机 DLL 加载失败，将使用模拟模式
{
  "error": "Cannot read properties of null (reading 'match')",
  "stack": "TypeError: Cannot read properties of null (reading 'match')\n    at new DynamicLibrary (C:\\Users\\momo0\\Documents\\CursorProjects\\queue-system\\orderFood-server\\node_modules\\ffi-napi\\lib\\dynamic_library.js:67:21)\n    at Object.Library (C:\\Users\\momo0\\Documents\\CursorProjects\\queue-system\\orderFood-server\\node_modules\\ffi-napi\\lib\\library.js:47:10)\n    at Object.<anonymous> (C:\\Users\\momo0\\Documents\\CursorProjects\\queue-system\\orderFood-server\\services\\printerService.js:251:22)\n    at Module._compile (node:internal/modules/cjs/loader:1364:14)\n    at Module._extensions..js (node:internal/modules/cjs/loader:1422:10)\n    at Module.load (node:internal/modules/cjs/loader:1203:32)\n    at Module._load (node:internal/modules/cjs/loader:1019:12)\n    at Module.require (node:internal/modules/cjs/loader:1231:19)\n    at require (node:internal/modules/helpers:177:18)\n    at Object.<anonymous> (C:\\Users\\momo0\\Documents\\CursorProjects\\queue-system\\orderFood-server\\services\\orderFoodService.js:1:24)",
  "hint": "请确保已安装依赖: npm install ffi-napi ref-napi ref-struct-napi ref-array-napi。如果是打包环境，请确保这些模块已复制到可执行文件同目录下的 node_modules 目录中。"
}
[2026-01-16T04:44:11.905Z] [WARN ] 打印机 DLL 加载失败，将使用模拟模式
{
  "error": "Cannot read properties of null (reading 'match')",
  "stack": "TypeError: Cannot read properties of null (reading 'match')\n    at new DynamicLibrary (C:\\Users\\momo0\\Documents\\CursorProjects\\queue-system\\orderFood-server\\node_modules\\ffi-napi\\lib\\dynamic_library.js:67:21)\n    at Object.Library (C:\\Users\\momo0\\Documents\\CursorProjects\\queue-system\\orderFood-server\\node_modules\\ffi-napi\\lib\\library.js:47:10)\n    at Object.<anonymous> (C:\\Users\\momo0\\Documents\\CursorProjects\\queue-system\\orderFood-server\\services\\printerService.js:251:22)\n    at Module._compile (node:internal/modules/cjs/loader:1364:14)\n    at Module._extensions..js (node:internal/modules/cjs/loader:1422:10)\n    at Module.load (node:internal/modules/cjs/loader:1203:32)\n    at Module._load (node:internal/modules/cjs/loader:1019:12)\n    at Module.require (node:internal/modules/cjs/loader:1231:19)\n    at require (node:internal/modules/helpers:177:18)\n    at Object.<anonymous> (C:\\Users\\momo0\\Documents\\CursorProjects\\queue-system\\orderFood-server\\services\\orderFoodService.js:1:24)",
  "hint": "请确保已安装依赖: npm install ffi-napi ref-napi ref-struct-napi ref-array-napi。如果是打包环境，请确保这些模块已复制到可执行文件同目录下的 node_modules 目录中。"
}
[2026-01-16T04:44:20.023Z] [WARN ] 打印机 DLL 加载失败，将使用模拟模式
{
  "error": "Cannot read properties of null (reading 'match')",
  "stack": "TypeError: Cannot read properties of null (reading 'match')\n    at new DynamicLibrary (C:\\Users\\momo0\\Documents\\CursorProjects\\queue-system\\orderFood-server\\node_modules\\ffi-napi\\lib\\dynamic_library.js:67:21)\n    at Object.Library (C:\\Users\\momo0\\Documents\\CursorProjects\\queue-system\\orderFood-server\\node_modules\\ffi-napi\\lib\\library.js:47:10)\n    at Object.<anonymous> (C:\\Users\\momo0\\Documents\\CursorProjects\\queue-system\\orderFood-server\\services\\printerService.js:251:22)\n    at Module._compile (node:internal/modules/cjs/loader:1364:14)\n    at Module._extensions..js (node:internal/modules/cjs/loader:1422:10)\n    at Module.load (node:internal/modules/cjs/loader:1203:32)\n    at Module._load (node:internal/modules/cjs/loader:1019:12)\n    at Module.require (node:internal/modules/cjs/loader:1231:19)\n    at require (node:internal/modules/helpers:177:18)\n    at Object.<anonymous> (C:\\Users\\momo0\\Documents\\CursorProjects\\queue-system\\orderFood-server\\services\\orderFoodService.js:1:24)",
  "hint": "请确保已安装依赖: npm install ffi-napi ref-napi ref-struct-napi ref-array-napi。如果是打包环境，请确保这些模块已复制到可执行文件同目录下的 node_modules 目录中。"
}
[2026-01-16T04:44:23.295Z] [WARN ] 打印机 DLL 加载失败，将使用模拟模式
{
  "error": "Cannot read properties of null (reading 'match')",
  "stack": "TypeError: Cannot read properties of null (reading 'match')\n    at new DynamicLibrary (C:\\Users\\momo0\\Documents\\CursorProjects\\queue-system\\orderFood-server\\node_modules\\ffi-napi\\lib\\dynamic_library.js:67:21)\n    at Object.Library (C:\\Users\\momo0\\Documents\\CursorProjects\\queue-system\\orderFood-server\\node_modules\\ffi-napi\\lib\\library.js:47:10)\n    at Object.<anonymous> (C:\\Users\\momo0\\Documents\\CursorProjects\\queue-system\\orderFood-server\\services\\printerService.js:251:22)\n    at Module._compile (node:internal/modules/cjs/loader:1364:14)\n    at Module._extensions..js (node:internal/modules/cjs/loader:1422:10)\n    at Module.load (node:internal/modules/cjs/loader:1203:32)\n    at Module._load (node:internal/modules/cjs/loader:1019:12)\n    at Module.require (node:internal/modules/cjs/loader:1231:19)\n    at require (node:internal/modules/helpers:177:18)\n    at Object.<anonymous> (C:\\Users\\momo0\\Documents\\CursorProjects\\queue-system\\orderFood-server\\services\\orderFoodService.js:1:24)",
  "hint": "请确保已安装依赖: npm install ffi-napi ref-napi ref-struct-napi ref-array-napi。如果是打包环境，请确保这些模块已复制到可执行文件同目录下的 node_modules 目录中。"
}
[2026-01-16T04:44:25.813Z] [WARN ] 打印机 DLL 加载失败，将使用模拟模式
{
  "error": "Cannot read properties of null (reading 'match')",
  "stack": "TypeError: Cannot read properties of null (reading 'match')\n    at new DynamicLibrary (C:\\Users\\momo0\\Documents\\CursorProjects\\queue-system\\orderFood-server\\node_modules\\ffi-napi\\lib\\dynamic_library.js:67:21)\n    at Object.Library (C:\\Users\\momo0\\Documents\\CursorProjects\\queue-system\\orderFood-server\\node_modules\\ffi-napi\\lib\\library.js:47:10)\n    at Object.<anonymous> (C:\\Users\\momo0\\Documents\\CursorProjects\\queue-system\\orderFood-server\\services\\printerService.js:251:22)\n    at Module._compile (node:internal/modules/cjs/loader:1364:14)\n    at Module._extensions..js (node:internal/modules/cjs/loader:1422:10)\n    at Module.load (node:internal/modules/cjs/loader:1203:32)\n    at Module._load (node:internal/modules/cjs/loader:1019:12)\n    at Module.require (node:internal/modules/cjs/loader:1231:19)\n    at require (node:internal/modules/helpers:177:18)\n    at Object.<anonymous> (C:\\Users\\momo0\\Documents\\CursorProjects\\queue-system\\orderFood-server\\services\\orderFoodService.js:1:24)",
  "hint": "请确保已安装依赖: npm install ffi-napi ref-napi ref-struct-napi ref-array-napi。如果是打包环境，请确保这些模块已复制到可执行文件同目录下的 node_modules 目录中。"
}
[2026-01-16T04:44:27.290Z] [WARN ] 打印机 DLL 加载失败，将使用模拟模式
{
  "error": "Cannot read properties of null (reading 'match')",
  "stack": "TypeError: Cannot read properties of null (reading 'match')\n    at new DynamicLibrary (C:\\Users\\momo0\\Documents\\CursorProjects\\queue-system\\orderFood-server\\node_modules\\ffi-napi\\lib\\dynamic_library.js:67:21)\n    at Object.Library (C:\\Users\\momo0\\Documents\\CursorProjects\\queue-system\\orderFood-server\\node_modules\\ffi-napi\\lib\\library.js:47:10)\n    at Object.<anonymous> (C:\\Users\\momo0\\Documents\\CursorProjects\\queue-system\\orderFood-server\\services\\printerService.js:251:22)\n    at Module._compile (node:internal/modules/cjs/loader:1364:14)\n    at Module._extensions..js (node:internal/modules/cjs/loader:1422:10)\n    at Module.load (node:internal/modules/cjs/loader:1203:32)\n    at Module._load (node:internal/modules/cjs/loader:1019:12)\n    at Module.require (node:internal/modules/cjs/loader:1231:19)\n    at require (node:internal/modules/helpers:177:18)\n    at Object.<anonymous> (C:\\Users\\momo0\\Documents\\CursorProjects\\queue-system\\orderFood-server\\services\\orderFoodService.js:1:24)",
  "hint": "请确保已安装依赖: npm install ffi-napi ref-napi ref-struct-napi ref-array-napi。如果是打包环境，请确保这些模块已复制到可执行文件同目录下的 node_modules 目录中。"
}
[2026-01-16T04:44:31.027Z] [WARN ] 打印机 DLL 加载失败，将使用模拟模式
{
  "error": "Cannot read properties of null (reading 'match')",
  "stack": "TypeError: Cannot read properties of null (reading 'match')\n    at new DynamicLibrary (C:\\Users\\momo0\\Documents\\CursorProjects\\queue-system\\orderFood-server\\node_modules\\ffi-napi\\lib\\dynamic_library.js:67:21)\n    at Object.Library (C:\\Users\\momo0\\Documents\\CursorProjects\\queue-system\\orderFood-server\\node_modules\\ffi-napi\\lib\\library.js:47:10)\n    at Object.<anonymous> (C:\\Users\\momo0\\Documents\\CursorProjects\\queue-system\\orderFood-server\\services\\printerService.js:251:22)\n    at Module._compile (node:internal/modules/cjs/loader:1364:14)\n    at Module._extensions..js (node:internal/modules/cjs/loader:1422:10)\n    at Module.load (node:internal/modules/cjs/loader:1203:32)\n    at Module._load (node:internal/modules/cjs/loader:1019:12)\n    at Module.require (node:internal/modules/cjs/loader:1231:19)\n    at require (node:internal/modules/helpers:177:18)\n    at Object.<anonymous> (C:\\Users\\momo0\\Documents\\CursorProjects\\queue-system\\orderFood-server\\services\\orderFoodService.js:1:24)",
  "hint": "请确保已安装依赖: npm install ffi-napi ref-napi ref-struct-napi ref-array-napi。如果是打包环境，请确保这些模块已复制到可执行文件同目录下的 node_modules 目录中。"
}
[2026-01-16T04:44:37.089Z] [WARN ] 打印机 DLL 加载失败，将使用模拟模式
{
  "error": "Cannot read properties of null (reading 'match')",
  "stack": "TypeError: Cannot read properties of null (reading 'match')\n    at new DynamicLibrary (C:\\Users\\momo0\\Documents\\CursorProjects\\queue-system\\orderFood-server\\node_modules\\ffi-napi\\lib\\dynamic_library.js:67:21)\n    at Object.Library (C:\\Users\\momo0\\Documents\\CursorProjects\\queue-system\\orderFood-server\\node_modules\\ffi-napi\\lib\\library.js:47:10)\n    at Object.<anonymous> (C:\\Users\\momo0\\Documents\\CursorProjects\\queue-system\\orderFood-server\\services\\printerService.js:251:22)\n    at Module._compile (node:internal/modules/cjs/loader:1364:14)\n    at Module._extensions..js (node:internal/modules/cjs/loader:1422:10)\n    at Module.load (node:internal/modules/cjs/loader:1203:32)\n    at Module._load (node:internal/modules/cjs/loader:1019:12)\n    at Module.require (node:internal/modules/cjs/loader:1231:19)\n    at require (node:internal/modules/helpers:177:18)\n    at Object.<anonymous> (C:\\Users\\momo0\\Documents\\CursorProjects\\queue-system\\orderFood-server\\services\\orderFoodService.js:1:24)",
  "hint": "请确保已安装依赖: npm install ffi-napi ref-napi ref-struct-napi ref-array-napi。如果是打包环境，请确保这些模块已复制到可执行文件同目录下的 node_modules 目录中。"
}
[2026-01-16T04:47:18.443Z] [WARN ] 打印机 DLL 加载失败，将使用模拟模式
{
  "error": "Cannot read properties of null (reading 'match')",
  "stack": "TypeError: Cannot read properties of null (reading 'match')\n    at new DynamicLibrary (C:\\Users\\momo0\\Documents\\CursorProjects\\queue-system\\orderFood-server\\node_modules\\ffi-napi\\lib\\dynamic_library.js:67:21)\n    at Object.Library (C:\\Users\\momo0\\Documents\\CursorProjects\\queue-system\\orderFood-server\\node_modules\\ffi-napi\\lib\\library.js:47:10)\n    at Object.<anonymous> (C:\\Users\\momo0\\Documents\\CursorProjects\\queue-system\\orderFood-server\\services\\printerService.js:251:22)\n    at Module._compile (node:internal/modules/cjs/loader:1364:14)\n    at Module._extensions..js (node:internal/modules/cjs/loader:1422:10)\n    at Module.load (node:internal/modules/cjs/loader:1203:32)\n    at Module._load (node:internal/modules/cjs/loader:1019:12)\n    at Module.require (node:internal/modules/cjs/loader:1231:19)\n    at require (node:internal/modules/helpers:177:18)\n    at Object.<anonymous> (C:\\Users\\momo0\\Documents\\CursorProjects\\queue-system\\orderFood-server\\services\\orderFoodService.js:1:24)",
  "hint": "请确保已安装依赖: npm install ffi-napi ref-napi ref-struct-napi ref-array-napi。如果是打包环境，请确保这些模块已复制到可执行文件同目录下的 node_modules 目录中。"
}
[2026-01-16T04:48:40.042Z] [WARN ] 打印机 DLL 加载失败，将使用模拟模式
{
  "error": "Cannot read properties of null (reading 'match')",
  "stack": "TypeError: Cannot read properties of null (reading 'match')\n    at new DynamicLibrary (C:\\Users\\momo0\\Documents\\CursorProjects\\queue-system\\orderFood-server\\node_modules\\ffi-napi\\lib\\dynamic_library.js:67:21)\n    at Object.Library (C:\\Users\\momo0\\Documents\\CursorProjects\\queue-system\\orderFood-server\\node_modules\\ffi-napi\\lib\\library.js:47:10)\n    at Object.<anonymous> (C:\\Users\\momo0\\Documents\\CursorProjects\\queue-system\\orderFood-server\\services\\printerService.js:251:22)\n    at Module._compile (node:internal/modules/cjs/loader:1364:14)\n    at Module._extensions..js (node:internal/modules/cjs/loader:1422:10)\n    at Module.load (node:internal/modules/cjs/loader:1203:32)\n    at Module._load (node:internal/modules/cjs/loader:1019:12)\n    at Module.require (node:internal/modules/cjs/loader:1231:19)\n    at require (node:internal/modules/helpers:177:18)\n    at Object.<anonymous> (C:\\Users\\momo0\\Documents\\CursorProjects\\queue-system\\orderFood-server\\services\\orderFoodService.js:1:24)",
  "hint": "请确保已安装依赖: npm install ffi-napi ref-napi ref-struct-napi ref-array-napi。如果是打包环境，请确保这些模块已复制到可执行文件同目录下的 node_modules 目录中。"
}
[2026-01-16T04:48:48.904Z] [WARN ] 打印机 DLL 加载失败，将使用模拟模式
{
  "error": "Cannot read properties of null (reading 'match')",
  "stack": "TypeError: Cannot read properties of null (reading 'match')\n    at new DynamicLibrary (C:\\Users\\momo0\\Documents\\CursorProjects\\queue-system\\orderFood-server\\node_modules\\ffi-napi\\lib\\dynamic_library.js:67:21)\n    at Object.Library (C:\\Users\\momo0\\Documents\\CursorProjects\\queue-system\\orderFood-server\\node_modules\\ffi-napi\\lib\\library.js:47:10)\n    at Object.<anonymous> (C:\\Users\\momo0\\Documents\\CursorProjects\\queue-system\\orderFood-server\\services\\printerService.js:251:22)\n    at Module._compile (node:internal/modules/cjs/loader:1364:14)\n    at Module._extensions..js (node:internal/modules/cjs/loader:1422:10)\n    at Module.load (node:internal/modules/cjs/loader:1203:32)\n    at Module._load (node:internal/modules/cjs/loader:1019:12)\n    at Module.require (node:internal/modules/cjs/loader:1231:19)\n    at require (node:internal/modules/helpers:177:18)\n    at Object.<anonymous> (C:\\Users\\momo0\\Documents\\CursorProjects\\queue-system\\orderFood-server\\services\\orderFoodService.js:1:24)",
  "hint": "请确保已安装依赖: npm install ffi-napi ref-napi ref-struct-napi ref-array-napi。如果是打包环境，请确保这些模块已复制到可执行文件同目录下的 node_modules 目录中。"
}
[2026-01-16T04:48:49.614Z] [WARN ] 打印机 DLL 加载失败，将使用模拟模式
{
  "error": "Cannot read properties of null (reading 'match')",
  "stack": "TypeError: Cannot read properties of null (reading 'match')\n    at new DynamicLibrary (C:\\Users\\momo0\\Documents\\CursorProjects\\queue-system\\orderFood-server\\node_modules\\ffi-napi\\lib\\dynamic_library.js:67:21)\n    at Object.Library (C:\\Users\\momo0\\Documents\\CursorProjects\\queue-system\\orderFood-server\\node_modules\\ffi-napi\\lib\\library.js:47:10)\n    at Object.<anonymous> (C:\\Users\\momo0\\Documents\\CursorProjects\\queue-system\\orderFood-server\\services\\printerService.js:251:22)\n    at Module._compile (node:internal/modules/cjs/loader:1364:14)\n    at Module._extensions..js (node:internal/modules/cjs/loader:1422:10)\n    at Module.load (node:internal/modules/cjs/loader:1203:32)\n    at Module._load (node:internal/modules/cjs/loader:1019:12)\n    at Module.require (node:internal/modules/cjs/loader:1231:19)\n    at require (node:internal/modules/helpers:177:18)\n    at Object.<anonymous> (C:\\Users\\momo0\\Documents\\CursorProjects\\queue-system\\orderFood-server\\services\\orderFoodService.js:1:24)",
  "hint": "请确保已安装依赖: npm install ffi-napi ref-napi ref-struct-napi ref-array-napi。如果是打包环境，请确保这些模块已复制到可执行文件同目录下的 node_modules 目录中。"
}
[2026-01-16T04:48:56.002Z] [WARN ] 打印机 DLL 加载失败，将使用模拟模式
{
  "error": "Cannot read properties of null (reading 'match')",
  "stack": "TypeError: Cannot read properties of null (reading 'match')\n    at new DynamicLibrary (C:\\Users\\momo0\\Documents\\CursorProjects\\queue-system\\orderFood-server\\node_modules\\ffi-napi\\lib\\dynamic_library.js:67:21)\n    at Object.Library (C:\\Users\\momo0\\Documents\\CursorProjects\\queue-system\\orderFood-server\\node_modules\\ffi-napi\\lib\\library.js:47:10)\n    at Object.<anonymous> (C:\\Users\\momo0\\Documents\\CursorProjects\\queue-system\\orderFood-server\\services\\printerService.js:251:22)\n    at Module._compile (node:internal/modules/cjs/loader:1364:14)\n    at Module._extensions..js (node:internal/modules/cjs/loader:1422:10)\n    at Module.load (node:internal/modules/cjs/loader:1203:32)\n    at Module._load (node:internal/modules/cjs/loader:1019:12)\n    at Module.require (node:internal/modules/cjs/loader:1231:19)\n    at require (node:internal/modules/helpers:177:18)\n    at Object.<anonymous> (C:\\Users\\momo0\\Documents\\CursorProjects\\queue-system\\orderFood-server\\services\\orderFoodService.js:1:24)",
  "hint": "请确保已安装依赖: npm install ffi-napi ref-napi ref-struct-napi ref-array-napi。如果是打包环境，请确保这些模块已复制到可执行文件同目录下的 node_modules 目录中。"
}
[2026-01-16T04:48:56.929Z] [WARN ] 打印机 DLL 加载失败，将使用模拟模式
{
  "error": "Cannot read properties of null (reading 'match')",
  "stack": "TypeError: Cannot read properties of null (reading 'match')\n    at new DynamicLibrary (C:\\Users\\momo0\\Documents\\CursorProjects\\queue-system\\orderFood-server\\node_modules\\ffi-napi\\lib\\dynamic_library.js:67:21)\n    at Object.Library (C:\\Users\\momo0\\Documents\\CursorProjects\\queue-system\\orderFood-server\\node_modules\\ffi-napi\\lib\\library.js:47:10)\n    at Object.<anonymous> (C:\\Users\\momo0\\Documents\\CursorProjects\\queue-system\\orderFood-server\\services\\printerService.js:251:22)\n    at Module._compile (node:internal/modules/cjs/loader:1364:14)\n    at Module._extensions..js (node:internal/modules/cjs/loader:1422:10)\n    at Module.load (node:internal/modules/cjs/loader:1203:32)\n    at Module._load (node:internal/modules/cjs/loader:1019:12)\n    at Module.require (node:internal/modules/cjs/loader:1231:19)\n    at require (node:internal/modules/helpers:177:18)\n    at Object.<anonymous> (C:\\Users\\momo0\\Documents\\CursorProjects\\queue-system\\orderFood-server\\services\\orderFoodService.js:1:24)",
  "hint": "请确保已安装依赖: npm install ffi-napi ref-napi ref-struct-napi ref-array-napi。如果是打包环境，请确保这些模块已复制到可执行文件同目录下的 node_modules 目录中。"
}
[2026-01-16T04:48:57.844Z] [WARN ] 打印机 DLL 加载失败，将使用模拟模式
{
  "error": "Cannot read properties of null (reading 'match')",
  "stack": "TypeError: Cannot read properties of null (reading 'match')\n    at new DynamicLibrary (C:\\Users\\momo0\\Documents\\CursorProjects\\queue-system\\orderFood-server\\node_modules\\ffi-napi\\lib\\dynamic_library.js:67:21)\n    at Object.Library (C:\\Users\\momo0\\Documents\\CursorProjects\\queue-system\\orderFood-server\\node_modules\\ffi-napi\\lib\\library.js:47:10)\n    at Object.<anonymous> (C:\\Users\\momo0\\Documents\\CursorProjects\\queue-system\\orderFood-server\\services\\printerService.js:251:22)\n    at Module._compile (node:internal/modules/cjs/loader:1364:14)\n    at Module._extensions..js (node:internal/modules/cjs/loader:1422:10)\n    at Module.load (node:internal/modules/cjs/loader:1203:32)\n    at Module._load (node:internal/modules/cjs/loader:1019:12)\n    at Module.require (node:internal/modules/cjs/loader:1231:19)\n    at require (node:internal/modules/helpers:177:18)\n    at Object.<anonymous> (C:\\Users\\momo0\\Documents\\CursorProjects\\queue-system\\orderFood-server\\services\\orderFoodService.js:1:24)",
  "hint": "请确保已安装依赖: npm install ffi-napi ref-napi ref-struct-napi ref-array-napi。如果是打包环境，请确保这些模块已复制到可执行文件同目录下的 node_modules 目录中。"
}
[2026-01-16T04:55:05.441Z] [WARN ] 打印机 DLL 加载失败，将使用模拟模式
{
  "error": "Cannot read properties of null (reading 'match')",
  "stack": "TypeError: Cannot read properties of null (reading 'match')\n    at new DynamicLibrary (C:\\Users\\momo0\\Documents\\CursorProjects\\queue-system\\orderFood-server\\node_modules\\ffi-napi\\lib\\dynamic_library.js:67:21)\n    at Object.Library (C:\\Users\\momo0\\Documents\\CursorProjects\\queue-system\\orderFood-server\\node_modules\\ffi-napi\\lib\\library.js:47:10)\n    at Object.<anonymous> (C:\\Users\\momo0\\Documents\\CursorProjects\\queue-system\\orderFood-server\\services\\printerService.js:251:22)\n    at Module._compile (node:internal/modules/cjs/loader:1364:14)\n    at Module._extensions..js (node:internal/modules/cjs/loader:1422:10)\n    at Module.load (node:internal/modules/cjs/loader:1203:32)\n    at Module._load (node:internal/modules/cjs/loader:1019:12)\n    at Module.require (node:internal/modules/cjs/loader:1231:19)\n    at require (node:internal/modules/helpers:177:18)\n    at Object.<anonymous> (C:\\Users\\momo0\\Documents\\CursorProjects\\queue-system\\orderFood-server\\services\\orderFoodService.js:1:24)",
  "hint": "请确保已安装依赖: npm install ffi-napi ref-napi ref-struct-napi ref-array-napi。如果是打包环境，请确保这些模块已复制到可执行文件同目录下的 node_modules 目录中。"
}
[2026-01-16T04:55:08.902Z] [WARN ] 打印机 DLL 加载失败，将使用模拟模式
{
  "error": "Cannot read properties of null (reading 'match')",
  "stack": "TypeError: Cannot read properties of null (reading 'match')\n    at new DynamicLibrary (C:\\Users\\momo0\\Documents\\CursorProjects\\queue-system\\orderFood-server\\node_modules\\ffi-napi\\lib\\dynamic_library.js:67:21)\n    at Object.Library (C:\\Users\\momo0\\Documents\\CursorProjects\\queue-system\\orderFood-server\\node_modules\\ffi-napi\\lib\\library.js:47:10)\n    at Object.<anonymous> (C:\\Users\\momo0\\Documents\\CursorProjects\\queue-system\\orderFood-server\\services\\printerService.js:251:22)\n    at Module._compile (node:internal/modules/cjs/loader:1364:14)\n    at Module._extensions..js (node:internal/modules/cjs/loader:1422:10)\n    at Module.load (node:internal/modules/cjs/loader:1203:32)\n    at Module._load (node:internal/modules/cjs/loader:1019:12)\n    at Module.require (node:internal/modules/cjs/loader:1231:19)\n    at require (node:internal/modules/helpers:177:18)\n    at Object.<anonymous> (C:\\Users\\momo0\\Documents\\CursorProjects\\queue-system\\orderFood-server\\services\\orderFoodService.js:1:24)",
  "hint": "请确保已安装依赖: npm install ffi-napi ref-napi ref-struct-napi ref-array-napi。如果是打包环境，请确保这些模块已复制到可执行文件同目录下的 node_modules 目录中。"
}
[2026-01-16T04:55:42.428Z] [WARN ] 打印机 DLL 加载失败，将使用模拟模式
{
  "error": "Cannot read properties of null (reading 'match')",
  "stack": "TypeError: Cannot read properties of null (reading 'match')\n    at new DynamicLibrary (C:\\Users\\momo0\\Documents\\CursorProjects\\queue-system\\orderFood-server\\node_modules\\ffi-napi\\lib\\dynamic_library.js:67:21)\n    at Object.Library (C:\\Users\\momo0\\Documents\\CursorProjects\\queue-system\\orderFood-server\\node_modules\\ffi-napi\\lib\\library.js:47:10)\n    at Object.<anonymous> (C:\\Users\\momo0\\Documents\\CursorProjects\\queue-system\\orderFood-server\\services\\printerService.js:251:22)\n    at Module._compile (node:internal/modules/cjs/loader:1364:14)\n    at Module._extensions..js (node:internal/modules/cjs/loader:1422:10)\n    at Module.load (node:internal/modules/cjs/loader:1203:32)\n    at Module._load (node:internal/modules/cjs/loader:1019:12)\n    at Module.require (node:internal/modules/cjs/loader:1231:19)\n    at require (node:internal/modules/helpers:177:18)\n    at Object.<anonymous> (C:\\Users\\momo0\\Documents\\CursorProjects\\queue-system\\orderFood-server\\services\\orderFoodService.js:1:24)",
  "hint": "请确保已安装依赖: npm install ffi-napi ref-napi ref-struct-napi ref-array-napi。如果是打包环境，请确保这些模块已复制到可执行文件同目录下的 node_modules 目录中。"
}
[2026-01-16T04:55:57.204Z] [WARN ] 打印机 DLL 加载失败，将使用模拟模式
{
  "error": "Cannot read properties of null (reading 'match')",
  "stack": "TypeError: Cannot read properties of null (reading 'match')\n    at new DynamicLibrary (C:\\Users\\momo0\\Documents\\CursorProjects\\queue-system\\orderFood-server\\node_modules\\ffi-napi\\lib\\dynamic_library.js:67:21)\n    at Object.Library (C:\\Users\\momo0\\Documents\\CursorProjects\\queue-system\\orderFood-server\\node_modules\\ffi-napi\\lib\\library.js:47:10)\n    at Object.<anonymous> (C:\\Users\\momo0\\Documents\\CursorProjects\\queue-system\\orderFood-server\\services\\printerService.js:251:22)\n    at Module._compile (node:internal/modules/cjs/loader:1364:14)\n    at Module._extensions..js (node:internal/modules/cjs/loader:1422:10)\n    at Module.load (node:internal/modules/cjs/loader:1203:32)\n    at Module._load (node:internal/modules/cjs/loader:1019:12)\n    at Module.require (node:internal/modules/cjs/loader:1231:19)\n    at require (node:internal/modules/helpers:177:18)\n    at Object.<anonymous> (C:\\Users\\momo0\\Documents\\CursorProjects\\queue-system\\orderFood-server\\services\\orderFoodService.js:1:24)",
  "hint": "请确保已安装依赖: npm install ffi-napi ref-napi ref-struct-napi ref-array-napi。如果是打包环境，请确保这些模块已复制到可执行文件同目录下的 node_modules 目录中。"
}
[2026-01-16T04:56:06.441Z] [WARN ] 打印机 DLL 加载失败，将使用模拟模式
{
  "error": "Cannot read properties of null (reading 'match')",
  "stack": "TypeError: Cannot read properties of null (reading 'match')\n    at new DynamicLibrary (C:\\Users\\momo0\\Documents\\CursorProjects\\queue-system\\orderFood-server\\node_modules\\ffi-napi\\lib\\dynamic_library.js:67:21)\n    at Object.Library (C:\\Users\\momo0\\Documents\\CursorProjects\\queue-system\\orderFood-server\\node_modules\\ffi-napi\\lib\\library.js:47:10)\n    at Object.<anonymous> (C:\\Users\\momo0\\Documents\\CursorProjects\\queue-system\\orderFood-server\\services\\printerService.js:251:22)\n    at Module._compile (node:internal/modules/cjs/loader:1364:14)\n    at Module._extensions..js (node:internal/modules/cjs/loader:1422:10)\n    at Module.load (node:internal/modules/cjs/loader:1203:32)\n    at Module._load (node:internal/modules/cjs/loader:1019:12)\n    at Module.require (node:internal/modules/cjs/loader:1231:19)\n    at require (node:internal/modules/helpers:177:18)\n    at Object.<anonymous> (C:\\Users\\momo0\\Documents\\CursorProjects\\queue-system\\orderFood-server\\services\\orderFoodService.js:1:24)",
  "hint": "请确保已安装依赖: npm install ffi-napi ref-napi ref-struct-napi ref-array-napi。如果是打包环境，请确保这些模块已复制到可执行文件同目录下的 node_modules 目录中。"
}
[2026-01-16T04:56:07.451Z] [WARN ] 打印机 DLL 加载失败，将使用模拟模式
{
  "error": "Cannot read properties of null (reading 'match')",
  "stack": "TypeError: Cannot read properties of null (reading 'match')\n    at new DynamicLibrary (C:\\Users\\momo0\\Documents\\CursorProjects\\queue-system\\orderFood-server\\node_modules\\ffi-napi\\lib\\dynamic_library.js:67:21)\n    at Object.Library (C:\\Users\\momo0\\Documents\\CursorProjects\\queue-system\\orderFood-server\\node_modules\\ffi-napi\\lib\\library.js:47:10)\n    at Object.<anonymous> (C:\\Users\\momo0\\Documents\\CursorProjects\\queue-system\\orderFood-server\\services\\printerService.js:251:22)\n    at Module._compile (node:internal/modules/cjs/loader:1364:14)\n    at Module._extensions..js (node:internal/modules/cjs/loader:1422:10)\n    at Module.load (node:internal/modules/cjs/loader:1203:32)\n    at Module._load (node:internal/modules/cjs/loader:1019:12)\n    at Module.require (node:internal/modules/cjs/loader:1231:19)\n    at require (node:internal/modules/helpers:177:18)\n    at Object.<anonymous> (C:\\Users\\momo0\\Documents\\CursorProjects\\queue-system\\orderFood-server\\services\\orderFoodService.js:1:24)",
  "hint": "请确保已安装依赖: npm install ffi-napi ref-napi ref-struct-napi ref-array-napi。如果是打包环境，请确保这些模块已复制到可执行文件同目录下的 node_modules 目录中。"
}
[2026-01-16T04:56:08.459Z] [WARN ] 打印机 DLL 加载失败，将使用模拟模式
{
  "error": "Cannot read properties of null (reading 'match')",
  "stack": "TypeError: Cannot read properties of null (reading 'match')\n    at new DynamicLibrary (C:\\Users\\momo0\\Documents\\CursorProjects\\queue-system\\orderFood-server\\node_modules\\ffi-napi\\lib\\dynamic_library.js:67:21)\n    at Object.Library (C:\\Users\\momo0\\Documents\\CursorProjects\\queue-system\\orderFood-server\\node_modules\\ffi-napi\\lib\\library.js:47:10)\n    at Object.<anonymous> (C:\\Users\\momo0\\Documents\\CursorProjects\\queue-system\\orderFood-server\\services\\printerService.js:251:22)\n    at Module._compile (node:internal/modules/cjs/loader:1364:14)\n    at Module._extensions..js (node:internal/modules/cjs/loader:1422:10)\n    at Module.load (node:internal/modules/cjs/loader:1203:32)\n    at Module._load (node:internal/modules/cjs/loader:1019:12)\n    at Module.require (node:internal/modules/cjs/loader:1231:19)\n    at require (node:internal/modules/helpers:177:18)\n    at Object.<anonymous> (C:\\Users\\momo0\\Documents\\CursorProjects\\queue-system\\orderFood-server\\services\\orderFoodService.js:1:24)",
  "hint": "请确保已安装依赖: npm install ffi-napi ref-napi ref-struct-napi ref-array-napi。如果是打包环境，请确保这些模块已复制到可执行文件同目录下的 node_modules 目录中。"
}
[2026-01-16T04:56:10.582Z] [WARN ] 打印机 DLL 加载失败，将使用模拟模式
{
  "error": "Cannot read properties of null (reading 'match')",
  "stack": "TypeError: Cannot read properties of null (reading 'match')\n    at new DynamicLibrary (C:\\Users\\momo0\\Documents\\CursorProjects\\queue-system\\orderFood-server\\node_modules\\ffi-napi\\lib\\dynamic_library.js:67:21)\n    at Object.Library (C:\\Users\\momo0\\Documents\\CursorProjects\\queue-system\\orderFood-server\\node_modules\\ffi-napi\\lib\\library.js:47:10)\n    at Object.<anonymous> (C:\\Users\\momo0\\Documents\\CursorProjects\\queue-system\\orderFood-server\\services\\printerService.js:251:22)\n    at Module._compile (node:internal/modules/cjs/loader:1364:14)\n    at Module._extensions..js (node:internal/modules/cjs/loader:1422:10)\n    at Module.load (node:internal/modules/cjs/loader:1203:32)\n    at Module._load (node:internal/modules/cjs/loader:1019:12)\n    at Module.require (node:internal/modules/cjs/loader:1231:19)\n    at require (node:internal/modules/helpers:177:18)\n    at Object.<anonymous> (C:\\Users\\momo0\\Documents\\CursorProjects\\queue-system\\orderFood-server\\services\\orderFoodService.js:1:24)",
  "hint": "请确保已安装依赖: npm install ffi-napi ref-napi ref-struct-napi ref-array-napi。如果是打包环境，请确保这些模块已复制到可执行文件同目录下的 node_modules 目录中。"
}
[2026-01-16T04:56:16.555Z] [WARN ] 打印机 DLL 加载失败，将使用模拟模式
{
  "error": "Cannot read properties of null (reading 'match')",
  "stack": "TypeError: Cannot read properties of null (reading 'match')\n    at new DynamicLibrary (C:\\Users\\momo0\\Documents\\CursorProjects\\queue-system\\orderFood-server\\node_modules\\ffi-napi\\lib\\dynamic_library.js:67:21)\n    at Object.Library (C:\\Users\\momo0\\Documents\\CursorProjects\\queue-system\\orderFood-server\\node_modules\\ffi-napi\\lib\\library.js:47:10)\n    at Object.<anonymous> (C:\\Users\\momo0\\Documents\\CursorProjects\\queue-system\\orderFood-server\\services\\printerService.js:251:22)\n    at Module._compile (node:internal/modules/cjs/loader:1364:14)\n    at Module._extensions..js (node:internal/modules/cjs/loader:1422:10)\n    at Module.load (node:internal/modules/cjs/loader:1203:32)\n    at Module._load (node:internal/modules/cjs/loader:1019:12)\n    at Module.require (node:internal/modules/cjs/loader:1231:19)\n    at require (node:internal/modules/helpers:177:18)\n    at Object.<anonymous> (C:\\Users\\momo0\\Documents\\CursorProjects\\queue-system\\orderFood-server\\services\\orderFoodService.js:1:24)",
  "hint": "请确保已安装依赖: npm install ffi-napi ref-napi ref-struct-napi ref-array-napi。如果是打包环境，请确保这些模块已复制到可执行文件同目录下的 node_modules 目录中。"
}
[2026-01-16T04:56:19.655Z] [WARN ] 打印机 DLL 加载失败，将使用模拟模式
{
  "error": "Cannot read properties of null (reading 'match')",
  "stack": "TypeError: Cannot read properties of null (reading 'match')\n    at new DynamicLibrary (C:\\Users\\momo0\\Documents\\CursorProjects\\queue-system\\orderFood-server\\node_modules\\ffi-napi\\lib\\dynamic_library.js:67:21)\n    at Object.Library (C:\\Users\\momo0\\Documents\\CursorProjects\\queue-system\\orderFood-server\\node_modules\\ffi-napi\\lib\\library.js:47:10)\n    at Object.<anonymous> (C:\\Users\\momo0\\Documents\\CursorProjects\\queue-system\\orderFood-server\\services\\printerService.js:251:22)\n    at Module._compile (node:internal/modules/cjs/loader:1364:14)\n    at Module._extensions..js (node:internal/modules/cjs/loader:1422:10)\n    at Module.load (node:internal/modules/cjs/loader:1203:32)\n    at Module._load (node:internal/modules/cjs/loader:1019:12)\n    at Module.require (node:internal/modules/cjs/loader:1231:19)\n    at require (node:internal/modules/helpers:177:18)\n    at Object.<anonymous> (C:\\Users\\momo0\\Documents\\CursorProjects\\queue-system\\orderFood-server\\services\\orderFoodService.js:1:24)",
  "hint": "请确保已安装依赖: npm install ffi-napi ref-napi ref-struct-napi ref-array-napi。如果是打包环境，请确保这些模块已复制到可执行文件同目录下的 node_modules 目录中。"
}
[2026-01-16T04:56:22.389Z] [WARN ] 打印机 DLL 加载失败，将使用模拟模式
{
  "error": "Cannot read properties of null (reading 'match')",
  "stack": "TypeError: Cannot read properties of null (reading 'match')\n    at new DynamicLibrary (C:\\Users\\momo0\\Documents\\CursorProjects\\queue-system\\orderFood-server\\node_modules\\ffi-napi\\lib\\dynamic_library.js:67:21)\n    at Object.Library (C:\\Users\\momo0\\Documents\\CursorProjects\\queue-system\\orderFood-server\\node_modules\\ffi-napi\\lib\\library.js:47:10)\n    at Object.<anonymous> (C:\\Users\\momo0\\Documents\\CursorProjects\\queue-system\\orderFood-server\\services\\printerService.js:251:22)\n    at Module._compile (node:internal/modules/cjs/loader:1364:14)\n    at Module._extensions..js (node:internal/modules/cjs/loader:1422:10)\n    at Module.load (node:internal/modules/cjs/loader:1203:32)\n    at Module._load (node:internal/modules/cjs/loader:1019:12)\n    at Module.require (node:internal/modules/cjs/loader:1231:19)\n    at require (node:internal/modules/helpers:177:18)\n    at Object.<anonymous> (C:\\Users\\momo0\\Documents\\CursorProjects\\queue-system\\orderFood-server\\services\\orderFoodService.js:1:24)",
  "hint": "请确保已安装依赖: npm install ffi-napi ref-napi ref-struct-napi ref-array-napi。如果是打包环境，请确保这些模块已复制到可执行文件同目录下的 node_modules 目录中。"
}
[2026-01-16T04:56:24.779Z] [WARN ] 打印机 DLL 加载失败，将使用模拟模式
{
  "error": "Cannot read properties of null (reading 'match')",
  "stack": "TypeError: Cannot read properties of null (reading 'match')\n    at new DynamicLibrary (C:\\Users\\momo0\\Documents\\CursorProjects\\queue-system\\orderFood-server\\node_modules\\ffi-napi\\lib\\dynamic_library.js:67:21)\n    at Object.Library (C:\\Users\\momo0\\Documents\\CursorProjects\\queue-system\\orderFood-server\\node_modules\\ffi-napi\\lib\\library.js:47:10)\n    at Object.<anonymous> (C:\\Users\\momo0\\Documents\\CursorProjects\\queue-system\\orderFood-server\\services\\printerService.js:251:22)\n    at Module._compile (node:internal/modules/cjs/loader:1364:14)\n    at Module._extensions..js (node:internal/modules/cjs/loader:1422:10)\n    at Module.load (node:internal/modules/cjs/loader:1203:32)\n    at Module._load (node:internal/modules/cjs/loader:1019:12)\n    at Module.require (node:internal/modules/cjs/loader:1231:19)\n    at require (node:internal/modules/helpers:177:18)\n    at Object.<anonymous> (C:\\Users\\momo0\\Documents\\CursorProjects\\queue-system\\orderFood-server\\services\\orderFoodService.js:1:24)",
  "hint": "请确保已安装依赖: npm install ffi-napi ref-napi ref-struct-napi ref-array-napi。如果是打包环境，请确保这些模块已复制到可执行文件同目录下的 node_modules 目录中。"
}
[2026-01-16T04:56:27.144Z] [WARN ] 打印机 DLL 加载失败，将使用模拟模式
{
  "error": "Cannot read properties of null (reading 'match')",
  "stack": "TypeError: Cannot read properties of null (reading 'match')\n    at new DynamicLibrary (C:\\Users\\momo0\\Documents\\CursorProjects\\queue-system\\orderFood-server\\node_modules\\ffi-napi\\lib\\dynamic_library.js:67:21)\n    at Object.Library (C:\\Users\\momo0\\Documents\\CursorProjects\\queue-system\\orderFood-server\\node_modules\\ffi-napi\\lib\\library.js:47:10)\n    at Object.<anonymous> (C:\\Users\\momo0\\Documents\\CursorProjects\\queue-system\\orderFood-server\\services\\printerService.js:251:22)\n    at Module._compile (node:internal/modules/cjs/loader:1364:14)\n    at Module._extensions..js (node:internal/modules/cjs/loader:1422:10)\n    at Module.load (node:internal/modules/cjs/loader:1203:32)\n    at Module._load (node:internal/modules/cjs/loader:1019:12)\n    at Module.require (node:internal/modules/cjs/loader:1231:19)\n    at require (node:internal/modules/helpers:177:18)\n    at Object.<anonymous> (C:\\Users\\momo0\\Documents\\CursorProjects\\queue-system\\orderFood-server\\services\\orderFoodService.js:1:24)",
  "hint": "请确保已安装依赖: npm install ffi-napi ref-napi ref-struct-napi ref-array-napi。如果是打包环境，请确保这些模块已复制到可执行文件同目录下的 node_modules 目录中。"
}
[2026-01-16T04:56:34.574Z] [WARN ] 打印机 DLL 加载失败，将使用模拟模式
{
  "error": "Cannot read properties of null (reading 'match')",
  "stack": "TypeError: Cannot read properties of null (reading 'match')\n    at new DynamicLibrary (C:\\Users\\momo0\\Documents\\CursorProjects\\queue-system\\orderFood-server\\node_modules\\ffi-napi\\lib\\dynamic_library.js:67:21)\n    at Object.Library (C:\\Users\\momo0\\Documents\\CursorProjects\\queue-system\\orderFood-server\\node_modules\\ffi-napi\\lib\\library.js:47:10)\n    at Object.<anonymous> (C:\\Users\\momo0\\Documents\\CursorProjects\\queue-system\\orderFood-server\\services\\printerService.js:251:22)\n    at Module._compile (node:internal/modules/cjs/loader:1364:14)\n    at Module._extensions..js (node:internal/modules/cjs/loader:1422:10)\n    at Module.load (node:internal/modules/cjs/loader:1203:32)\n    at Module._load (node:internal/modules/cjs/loader:1019:12)\n    at Module.require (node:internal/modules/cjs/loader:1231:19)\n    at require (node:internal/modules/helpers:177:18)\n    at Object.<anonymous> (C:\\Users\\momo0\\Documents\\CursorProjects\\queue-system\\orderFood-server\\services\\orderFoodService.js:1:24)",
  "hint": "请确保已安装依赖: npm install ffi-napi ref-napi ref-struct-napi ref-array-napi。如果是打包环境，请确保这些模块已复制到可执行文件同目录下的 node_modules 目录中。"
}
[2026-01-16T04:56:37.653Z] [WARN ] 打印机 DLL 加载失败，将使用模拟模式
{
  "error": "Cannot read properties of null (reading 'match')",
  "stack": "TypeError: Cannot read properties of null (reading 'match')\n    at new DynamicLibrary (C:\\Users\\momo0\\Documents\\CursorProjects\\queue-system\\orderFood-server\\node_modules\\ffi-napi\\lib\\dynamic_library.js:67:21)\n    at Object.Library (C:\\Users\\momo0\\Documents\\CursorProjects\\queue-system\\orderFood-server\\node_modules\\ffi-napi\\lib\\library.js:47:10)\n    at Object.<anonymous> (C:\\Users\\momo0\\Documents\\CursorProjects\\queue-system\\orderFood-server\\services\\printerService.js:251:22)\n    at Module._compile (node:internal/modules/cjs/loader:1364:14)\n    at Module._extensions..js (node:internal/modules/cjs/loader:1422:10)\n    at Module.load (node:internal/modules/cjs/loader:1203:32)\n    at Module._load (node:internal/modules/cjs/loader:1019:12)\n    at Module.require (node:internal/modules/cjs/loader:1231:19)\n    at require (node:internal/modules/helpers:177:18)\n    at Object.<anonymous> (C:\\Users\\momo0\\Documents\\CursorProjects\\queue-system\\orderFood-server\\services\\orderFoodService.js:1:24)",
  "hint": "请确保已安装依赖: npm install ffi-napi ref-napi ref-struct-napi ref-array-napi。如果是打包环境，请确保这些模块已复制到可执行文件同目录下的 node_modules 目录中。"
}
[2026-01-16T04:56:38.445Z] [WARN ] 打印机 DLL 加载失败，将使用模拟模式
{
  "error": "Cannot read properties of null (reading 'match')",
  "stack": "TypeError: Cannot read properties of null (reading 'match')\n    at new DynamicLibrary (C:\\Users\\momo0\\Documents\\CursorProjects\\queue-system\\orderFood-server\\node_modules\\ffi-napi\\lib\\dynamic_library.js:67:21)\n    at Object.Library (C:\\Users\\momo0\\Documents\\CursorProjects\\queue-system\\orderFood-server\\node_modules\\ffi-napi\\lib\\library.js:47:10)\n    at Object.<anonymous> (C:\\Users\\momo0\\Documents\\CursorProjects\\queue-system\\orderFood-server\\services\\printerService.js:251:22)\n    at Module._compile (node:internal/modules/cjs/loader:1364:14)\n    at Module._extensions..js (node:internal/modules/cjs/loader:1422:10)\n    at Module.load (node:internal/modules/cjs/loader:1203:32)\n    at Module._load (node:internal/modules/cjs/loader:1019:12)\n    at Module.require (node:internal/modules/cjs/loader:1231:19)\n    at require (node:internal/modules/helpers:177:18)\n    at Object.<anonymous> (C:\\Users\\momo0\\Documents\\CursorProjects\\queue-system\\orderFood-server\\services\\orderFoodService.js:1:24)",
  "hint": "请确保已安装依赖: npm install ffi-napi ref-napi ref-struct-napi ref-array-napi。如果是打包环境，请确保这些模块已复制到可执行文件同目录下的 node_modules 目录中。"
}
[2026-01-16T04:56:41.071Z] [WARN ] 打印机 DLL 加载失败，将使用模拟模式
{
  "error": "Cannot read properties of null (reading 'match')",
  "stack": "TypeError: Cannot read properties of null (reading 'match')\n    at new DynamicLibrary (C:\\Users\\momo0\\Documents\\CursorProjects\\queue-system\\orderFood-server\\node_modules\\ffi-napi\\lib\\dynamic_library.js:67:21)\n    at Object.Library (C:\\Users\\momo0\\Documents\\CursorProjects\\queue-system\\orderFood-server\\node_modules\\ffi-napi\\lib\\library.js:47:10)\n    at Object.<anonymous> (C:\\Users\\momo0\\Documents\\CursorProjects\\queue-system\\orderFood-server\\services\\printerService.js:251:22)\n    at Module._compile (node:internal/modules/cjs/loader:1364:14)\n    at Module._extensions..js (node:internal/modules/cjs/loader:1422:10)\n    at Module.load (node:internal/modules/cjs/loader:1203:32)\n    at Module._load (node:internal/modules/cjs/loader:1019:12)\n    at Module.require (node:internal/modules/cjs/loader:1231:19)\n    at require (node:internal/modules/helpers:177:18)\n    at Object.<anonymous> (C:\\Users\\momo0\\Documents\\CursorProjects\\queue-system\\orderFood-server\\services\\orderFoodService.js:1:24)",
  "hint": "请确保已安装依赖: npm install ffi-napi ref-napi ref-struct-napi ref-array-napi。如果是打包环境，请确保这些模块已复制到可执行文件同目录下的 node_modules 目录中。"
}
[2026-01-16T04:56:44.259Z] [WARN ] 打印机 DLL 加载失败，将使用模拟模式
{
  "error": "Cannot read properties of null (reading 'match')",
  "stack": "TypeError: Cannot read properties of null (reading 'match')\n    at new DynamicLibrary (C:\\Users\\momo0\\Documents\\CursorProjects\\queue-system\\orderFood-server\\node_modules\\ffi-napi\\lib\\dynamic_library.js:67:21)\n    at Object.Library (C:\\Users\\momo0\\Documents\\CursorProjects\\queue-system\\orderFood-server\\node_modules\\ffi-napi\\lib\\library.js:47:10)\n    at Object.<anonymous> (C:\\Users\\momo0\\Documents\\CursorProjects\\queue-system\\orderFood-server\\services\\printerService.js:251:22)\n    at Module._compile (node:internal/modules/cjs/loader:1364:14)\n    at Module._extensions..js (node:internal/modules/cjs/loader:1422:10)\n    at Module.load (node:internal/modules/cjs/loader:1203:32)\n    at Module._load (node:internal/modules/cjs/loader:1019:12)\n    at Module.require (node:internal/modules/cjs/loader:1231:19)\n    at require (node:internal/modules/helpers:177:18)\n    at Object.<anonymous> (C:\\Users\\momo0\\Documents\\CursorProjects\\queue-system\\orderFood-server\\services\\orderFoodService.js:1:24)",
  "hint": "请确保已安装依赖: npm install ffi-napi ref-napi ref-struct-napi ref-array-napi。如果是打包环境，请确保这些模块已复制到可执行文件同目录下的 node_modules 目录中。"
}
[2026-01-16T04:56:45.754Z] [WARN ] 打印机 DLL 加载失败，将使用模拟模式
{
  "error": "Cannot read properties of null (reading 'match')",
  "stack": "TypeError: Cannot read properties of null (reading 'match')\n    at new DynamicLibrary (C:\\Users\\momo0\\Documents\\CursorProjects\\queue-system\\orderFood-server\\node_modules\\ffi-napi\\lib\\dynamic_library.js:67:21)\n    at Object.Library (C:\\Users\\momo0\\Documents\\CursorProjects\\queue-system\\orderFood-server\\node_modules\\ffi-napi\\lib\\library.js:47:10)\n    at Object.<anonymous> (C:\\Users\\momo0\\Documents\\CursorProjects\\queue-system\\orderFood-server\\services\\printerService.js:251:22)\n    at Module._compile (node:internal/modules/cjs/loader:1364:14)\n    at Module._extensions..js (node:internal/modules/cjs/loader:1422:10)\n    at Module.load (node:internal/modules/cjs/loader:1203:32)\n    at Module._load (node:internal/modules/cjs/loader:1019:12)\n    at Module.require (node:internal/modules/cjs/loader:1231:19)\n    at require (node:internal/modules/helpers:177:18)\n    at Object.<anonymous> (C:\\Users\\momo0\\Documents\\CursorProjects\\queue-system\\orderFood-server\\services\\orderFoodService.js:1:24)",
  "hint": "请确保已安装依赖: npm install ffi-napi ref-napi ref-struct-napi ref-array-napi。如果是打包环境，请确保这些模块已复制到可执行文件同目录下的 node_modules 目录中。"
}
[2026-01-16T04:56:47.559Z] [WARN ] 打印机 DLL 加载失败，将使用模拟模式
{
  "error": "Cannot read properties of null (reading 'match')",
  "stack": "TypeError: Cannot read properties of null (reading 'match')\n    at new DynamicLibrary (C:\\Users\\momo0\\Documents\\CursorProjects\\queue-system\\orderFood-server\\node_modules\\ffi-napi\\lib\\dynamic_library.js:67:21)\n    at Object.Library (C:\\Users\\momo0\\Documents\\CursorProjects\\queue-system\\orderFood-server\\node_modules\\ffi-napi\\lib\\library.js:47:10)\n    at Object.<anonymous> (C:\\Users\\momo0\\Documents\\CursorProjects\\queue-system\\orderFood-server\\services\\printerService.js:251:22)\n    at Module._compile (node:internal/modules/cjs/loader:1364:14)\n    at Module._extensions..js (node:internal/modules/cjs/loader:1422:10)\n    at Module.load (node:internal/modules/cjs/loader:1203:32)\n    at Module._load (node:internal/modules/cjs/loader:1019:12)\n    at Module.require (node:internal/modules/cjs/loader:1231:19)\n    at require (node:internal/modules/helpers:177:18)\n    at Object.<anonymous> (C:\\Users\\momo0\\Documents\\CursorProjects\\queue-system\\orderFood-server\\services\\orderFoodService.js:1:24)",
  "hint": "请确保已安装依赖: npm install ffi-napi ref-napi ref-struct-napi ref-array-napi。如果是打包环境，请确保这些模块已复制到可执行文件同目录下的 node_modules 目录中。"
}
[2026-01-16T04:56:49.328Z] [WARN ] 打印机 DLL 加载失败，将使用模拟模式
{
  "error": "Cannot read properties of null (reading 'match')",
  "stack": "TypeError: Cannot read properties of null (reading 'match')\n    at new DynamicLibrary (C:\\Users\\momo0\\Documents\\CursorProjects\\queue-system\\orderFood-server\\node_modules\\ffi-napi\\lib\\dynamic_library.js:67:21)\n    at Object.Library (C:\\Users\\momo0\\Documents\\CursorProjects\\queue-system\\orderFood-server\\node_modules\\ffi-napi\\lib\\library.js:47:10)\n    at Object.<anonymous> (C:\\Users\\momo0\\Documents\\CursorProjects\\queue-system\\orderFood-server\\services\\printerService.js:251:22)\n    at Module._compile (node:internal/modules/cjs/loader:1364:14)\n    at Module._extensions..js (node:internal/modules/cjs/loader:1422:10)\n    at Module.load (node:internal/modules/cjs/loader:1203:32)\n    at Module._load (node:internal/modules/cjs/loader:1019:12)\n    at Module.require (node:internal/modules/cjs/loader:1231:19)\n    at require (node:internal/modules/helpers:177:18)\n    at Object.<anonymous> (C:\\Users\\momo0\\Documents\\CursorProjects\\queue-system\\orderFood-server\\services\\orderFoodService.js:1:24)",
  "hint": "请确保已安装依赖: npm install ffi-napi ref-napi ref-struct-napi ref-array-napi。如果是打包环境，请确保这些模块已复制到可执行文件同目录下的 node_modules 目录中。"
}
[2026-01-16T04:56:51.199Z] [WARN ] 打印机 DLL 加载失败，将使用模拟模式
{
  "error": "Cannot read properties of null (reading 'match')",
  "stack": "TypeError: Cannot read properties of null (reading 'match')\n    at new DynamicLibrary (C:\\Users\\momo0\\Documents\\CursorProjects\\queue-system\\orderFood-server\\node_modules\\ffi-napi\\lib\\dynamic_library.js:67:21)\n    at Object.Library (C:\\Users\\momo0\\Documents\\CursorProjects\\queue-system\\orderFood-server\\node_modules\\ffi-napi\\lib\\library.js:47:10)\n    at Object.<anonymous> (C:\\Users\\momo0\\Documents\\CursorProjects\\queue-system\\orderFood-server\\services\\printerService.js:251:22)\n    at Module._compile (node:internal/modules/cjs/loader:1364:14)\n    at Module._extensions..js (node:internal/modules/cjs/loader:1422:10)\n    at Module.load (node:internal/modules/cjs/loader:1203:32)\n    at Module._load (node:internal/modules/cjs/loader:1019:12)\n    at Module.require (node:internal/modules/cjs/loader:1231:19)\n    at require (node:internal/modules/helpers:177:18)\n    at Object.<anonymous> (C:\\Users\\momo0\\Documents\\CursorProjects\\queue-system\\orderFood-server\\services\\orderFoodService.js:1:24)",
  "hint": "请确保已安装依赖: npm install ffi-napi ref-napi ref-struct-napi ref-array-napi。如果是打包环境，请确保这些模块已复制到可执行文件同目录下的 node_modules 目录中。"
}
[2026-01-16T04:56:52.411Z] [WARN ] 打印机 DLL 加载失败，将使用模拟模式
{
  "error": "Cannot read properties of null (reading 'match')",
  "stack": "TypeError: Cannot read properties of null (reading 'match')\n    at new DynamicLibrary (C:\\Users\\momo0\\Documents\\CursorProjects\\queue-system\\orderFood-server\\node_modules\\ffi-napi\\lib\\dynamic_library.js:67:21)\n    at Object.Library (C:\\Users\\momo0\\Documents\\CursorProjects\\queue-system\\orderFood-server\\node_modules\\ffi-napi\\lib\\library.js:47:10)\n    at Object.<anonymous> (C:\\Users\\momo0\\Documents\\CursorProjects\\queue-system\\orderFood-server\\services\\printerService.js:251:22)\n    at Module._compile (node:internal/modules/cjs/loader:1364:14)\n    at Module._extensions..js (node:internal/modules/cjs/loader:1422:10)\n    at Module.load (node:internal/modules/cjs/loader:1203:32)\n    at Module._load (node:internal/modules/cjs/loader:1019:12)\n    at Module.require (node:internal/modules/cjs/loader:1231:19)\n    at require (node:internal/modules/helpers:177:18)\n    at Object.<anonymous> (C:\\Users\\momo0\\Documents\\CursorProjects\\queue-system\\orderFood-server\\services\\orderFoodService.js:1:24)",
  "hint": "请确保已安装依赖: npm install ffi-napi ref-napi ref-struct-napi ref-array-napi。如果是打包环境，请确保这些模块已复制到可执行文件同目录下的 node_modules 目录中。"
}
[2026-01-16T04:56:53.753Z] [WARN ] 打印机 DLL 加载失败，将使用模拟模式
{
  "error": "Cannot read properties of null (reading 'match')",
  "stack": "TypeError: Cannot read properties of null (reading 'match')\n    at new DynamicLibrary (C:\\Users\\momo0\\Documents\\CursorProjects\\queue-system\\orderFood-server\\node_modules\\ffi-napi\\lib\\dynamic_library.js:67:21)\n    at Object.Library (C:\\Users\\momo0\\Documents\\CursorProjects\\queue-system\\orderFood-server\\node_modules\\ffi-napi\\lib\\library.js:47:10)\n    at Object.<anonymous> (C:\\Users\\momo0\\Documents\\CursorProjects\\queue-system\\orderFood-server\\services\\printerService.js:251:22)\n    at Module._compile (node:internal/modules/cjs/loader:1364:14)\n    at Module._extensions..js (node:internal/modules/cjs/loader:1422:10)\n    at Module.load (node:internal/modules/cjs/loader:1203:32)\n    at Module._load (node:internal/modules/cjs/loader:1019:12)\n    at Module.require (node:internal/modules/cjs/loader:1231:19)\n    at require (node:internal/modules/helpers:177:18)\n    at Object.<anonymous> (C:\\Users\\momo0\\Documents\\CursorProjects\\queue-system\\orderFood-server\\services\\orderFoodService.js:1:24)",
  "hint": "请确保已安装依赖: npm install ffi-napi ref-napi ref-struct-napi ref-array-napi。如果是打包环境，请确保这些模块已复制到可执行文件同目录下的 node_modules 目录中。"
}
[2026-01-16T04:56:54.917Z] [WARN ] 打印机 DLL 加载失败，将使用模拟模式
{
  "error": "Cannot read properties of null (reading 'match')",
  "stack": "TypeError: Cannot read properties of null (reading 'match')\n    at new DynamicLibrary (C:\\Users\\momo0\\Documents\\CursorProjects\\queue-system\\orderFood-server\\node_modules\\ffi-napi\\lib\\dynamic_library.js:67:21)\n    at Object.Library (C:\\Users\\momo0\\Documents\\CursorProjects\\queue-system\\orderFood-server\\node_modules\\ffi-napi\\lib\\library.js:47:10)\n    at Object.<anonymous> (C:\\Users\\momo0\\Documents\\CursorProjects\\queue-system\\orderFood-server\\services\\printerService.js:251:22)\n    at Module._compile (node:internal/modules/cjs/loader:1364:14)\n    at Module._extensions..js (node:internal/modules/cjs/loader:1422:10)\n    at Module.load (node:internal/modules/cjs/loader:1203:32)\n    at Module._load (node:internal/modules/cjs/loader:1019:12)\n    at Module.require (node:internal/modules/cjs/loader:1231:19)\n    at require (node:internal/modules/helpers:177:18)\n    at Object.<anonymous> (C:\\Users\\momo0\\Documents\\CursorProjects\\queue-system\\orderFood-server\\services\\orderFoodService.js:1:24)",
  "hint": "请确保已安装依赖: npm install ffi-napi ref-napi ref-struct-napi ref-array-napi。如果是打包环境，请确保这些模块已复制到可执行文件同目录下的 node_modules 目录中。"
}
[2026-01-16T04:57:19.631Z] [WARN ] 打印机 DLL 加载失败，将使用模拟模式
{
  "error": "Cannot read properties of null (reading 'match')",
  "stack": "TypeError: Cannot read properties of null (reading 'match')\n    at new DynamicLibrary (C:\\Users\\momo0\\Documents\\CursorProjects\\queue-system\\orderFood-server\\node_modules\\ffi-napi\\lib\\dynamic_library.js:67:21)\n    at Object.Library (C:\\Users\\momo0\\Documents\\CursorProjects\\queue-system\\orderFood-server\\node_modules\\ffi-napi\\lib\\library.js:47:10)\n    at Object.<anonymous> (C:\\Users\\momo0\\Documents\\CursorProjects\\queue-system\\orderFood-server\\services\\printerService.js:251:22)\n    at Module._compile (node:internal/modules/cjs/loader:1364:14)\n    at Module._extensions..js (node:internal/modules/cjs/loader:1422:10)\n    at Module.load (node:internal/modules/cjs/loader:1203:32)\n    at Module._load (node:internal/modules/cjs/loader:1019:12)\n    at Module.require (node:internal/modules/cjs/loader:1231:19)\n    at require (node:internal/modules/helpers:177:18)\n    at Object.<anonymous> (C:\\Users\\momo0\\Documents\\CursorProjects\\queue-system\\orderFood-server\\services\\orderFoodService.js:1:24)",
  "hint": "请确保已安装依赖: npm install ffi-napi ref-napi ref-struct-napi ref-array-napi。如果是打包环境，请确保这些模块已复制到可执行文件同目录下的 node_modules 目录中。"
}
[2026-01-16T04:58:16.855Z] [WARN ] 打印机 DLL 加载失败，将使用模拟模式
{
  "error": "Cannot read properties of null (reading 'match')",
  "stack": "TypeError: Cannot read properties of null (reading 'match')\n    at new DynamicLibrary (C:\\Users\\momo0\\Documents\\CursorProjects\\queue-system\\orderFood-server\\node_modules\\ffi-napi\\lib\\dynamic_library.js:67:21)\n    at Object.Library (C:\\Users\\momo0\\Documents\\CursorProjects\\queue-system\\orderFood-server\\node_modules\\ffi-napi\\lib\\library.js:47:10)\n    at Object.<anonymous> (C:\\Users\\momo0\\Documents\\CursorProjects\\queue-system\\orderFood-server\\services\\printerService.js:251:22)\n    at Module._compile (node:internal/modules/cjs/loader:1364:14)\n    at Module._extensions..js (node:internal/modules/cjs/loader:1422:10)\n    at Module.load (node:internal/modules/cjs/loader:1203:32)\n    at Module._load (node:internal/modules/cjs/loader:1019:12)\n    at Module.require (node:internal/modules/cjs/loader:1231:19)\n    at require (node:internal/modules/helpers:177:18)\n    at Object.<anonymous> (C:\\Users\\momo0\\Documents\\CursorProjects\\queue-system\\orderFood-server\\services\\orderFoodService.js:1:24)",
  "hint": "请确保已安装依赖: npm install ffi-napi ref-napi ref-struct-napi ref-array-napi。如果是打包环境，请确保这些模块已复制到可执行文件同目录下的 node_modules 目录中。"
}
[2026-01-16T06:26:43.269Z] [WARN ] 打印机 DLL 加载失败，将使用模拟模式
{
  "error": "Cannot read properties of null (reading 'match')",
  "stack": "TypeError: Cannot read properties of null (reading 'match')\n    at new DynamicLibrary (C:\\Users\\momo0\\Documents\\CursorProjects\\orderFood-system\\orderFood-server\\node_modules\\ffi-napi\\lib\\dynamic_library.js:67:21)\n    at Object.Library (C:\\Users\\momo0\\Documents\\CursorProjects\\orderFood-system\\orderFood-server\\node_modules\\ffi-napi\\lib\\library.js:47:10)\n    at Object.<anonymous> (C:\\Users\\momo0\\Documents\\CursorProjects\\orderFood-system\\orderFood-server\\services\\printerService.js:251:22)\n    at Module._compile (node:internal/modules/cjs/loader:1364:14)\n    at Module._extensions..js (node:internal/modules/cjs/loader:1422:10)\n    at Module.load (node:internal/modules/cjs/loader:1203:32)\n    at Module._load (node:internal/modules/cjs/loader:1019:12)\n    at Module.require (node:internal/modules/cjs/loader:1231:19)\n    at require (node:internal/modules/helpers:177:18)\n    at Object.<anonymous> (C:\\Users\\momo0\\Documents\\CursorProjects\\orderFood-system\\orderFood-server\\services\\orderFoodService.js:1:24)",
  "hint": "请确保已安装依赖: npm install ffi-napi ref-napi ref-struct-napi ref-array-napi。如果是打包环境，请确保这些模块已复制到可执行文件同目录下的 node_modules 目录中。"
}
[2026-01-16T06:27:06.093Z] [DEBUG] 模拟打印订单小票（DLL未加载）
{
  "order_number": "OF44826051",
  "items": 2,
  "total_amount": 55
}
